2019-05-04 18:03:48,077 INFO org.springframework.boot.StartupInfoLogger [main] Starting AdminZaBezbednostApp on DESKTOP-31SLHJK with PID 14832 (F:\bezbednostXmlWorkspace\admin-za-bezbednost-api\target\classes started by Korisnik in F:\bezbednostXmlWorkspace\admin-za-bezbednost-api)
2019-05-04 18:03:48,079 INFO org.springframework.boot.SpringApplication [main] No active profile set, falling back to default profiles: default
2019-05-04 18:03:48,109 INFO org.springframework.context.support.AbstractApplicationContext [main] Refreshing org.springframework.boot.context.embedded.AnnotationConfigEmbeddedWebApplicationContext@147ed70f: startup date [Sat May 04 18:03:48 CEST 2019]; root of context hierarchy
2019-05-04 18:03:48,205 INFO org.hibernate.validator.internal.util.Version [background-preinit] HV000001: Hibernate Validator 5.3.6.Final
2019-05-04 18:03:49,200 INFO org.springframework.boot.context.embedded.tomcat.TomcatEmbeddedServletContainer [main] Tomcat initialized with port(s): 8080 (https)
2019-05-04 18:03:49,213 INFO org.apache.juli.logging.DirectJDKLog [main] Starting service [Tomcat]
2019-05-04 18:03:49,214 INFO org.apache.juli.logging.DirectJDKLog [main] Starting Servlet Engine: Apache Tomcat/8.5.23
2019-05-04 18:03:49,307 INFO org.apache.juli.logging.DirectJDKLog [localhost-startStop-1] Initializing Spring embedded WebApplicationContext
2019-05-04 18:03:49,307 INFO org.springframework.boot.context.embedded.EmbeddedWebApplicationContext [localhost-startStop-1] Root WebApplicationContext: initialization completed in 1198 ms
2019-05-04 18:03:50,706 INFO org.springframework.orm.jpa.LocalContainerEntityManagerFactoryBean [localhost-startStop-1] Building JPA container EntityManagerFactory for persistence unit 'default'
2019-05-04 18:03:50,711 INFO org.hibernate.jpa.internal.util.LogHelper [localhost-startStop-1] HHH000204: Processing PersistenceUnitInfo [
	name: default
	...]
2019-05-04 18:03:50,773 INFO org.hibernate.Version [localhost-startStop-1] HHH000412: Hibernate Core {5.0.12.Final}
2019-05-04 18:03:50,776 INFO org.hibernate.cfg.Environment [localhost-startStop-1] HHH000206: hibernate.properties not found
2019-05-04 18:03:50,777 INFO org.hibernate.cfg.Environment [localhost-startStop-1] HHH000021: Bytecode provider name : javassist
2019-05-04 18:03:50,807 INFO org.hibernate.annotations.common.reflection.java.JavaReflectionManager [localhost-startStop-1] HCANN000001: Hibernate Commons Annotations {5.0.1.Final}
2019-05-04 18:03:50,890 INFO org.hibernate.dialect.Dialect [localhost-startStop-1] HHH000400: Using dialect: org.hibernate.dialect.MySQL5Dialect
2019-05-04 18:03:51,281 INFO org.hibernate.tool.hbm2ddl.SchemaUpdate [localhost-startStop-1] HHH000228: Running hbm2ddl schema update
2019-05-04 18:03:51,950 INFO org.springframework.orm.jpa.AbstractEntityManagerFactoryBean [localhost-startStop-1] Initialized JPA EntityManagerFactory for persistence unit 'default'
2019-05-04 18:03:52,201 INFO org.springframework.boot.web.servlet.AbstractFilterRegistrationBean [localhost-startStop-1] Mapping filter: 'characterEncodingFilter' to: [/*]
2019-05-04 18:03:52,201 INFO org.springframework.boot.web.servlet.AbstractFilterRegistrationBean [localhost-startStop-1] Mapping filter: 'hiddenHttpMethodFilter' to: [/*]
2019-05-04 18:03:52,201 INFO org.springframework.boot.web.servlet.AbstractFilterRegistrationBean [localhost-startStop-1] Mapping filter: 'httpPutFormContentFilter' to: [/*]
2019-05-04 18:03:52,201 INFO org.springframework.boot.web.servlet.AbstractFilterRegistrationBean [localhost-startStop-1] Mapping filter: 'requestContextFilter' to: [/*]
2019-05-04 18:03:52,203 INFO org.springframework.boot.web.servlet.AbstractFilterRegistrationBean [localhost-startStop-1] Mapping filter: 'springSecurityFilterChain' to: [/*]
2019-05-04 18:03:52,203 INFO org.springframework.boot.web.servlet.AbstractFilterRegistrationBean [localhost-startStop-1] Mapping filter: 'jwtTokenFilter' to: [/*]
2019-05-04 18:03:52,203 INFO org.springframework.boot.web.servlet.ServletRegistrationBean [localhost-startStop-1] Mapping servlet: 'dispatcherServlet' to [/]
2019-05-04 18:03:52,489 INFO org.springframework.web.servlet.mvc.method.annotation.RequestMappingHandlerAdapter [main] Looking for @ControllerAdvice: org.springframework.boot.context.embedded.AnnotationConfigEmbeddedWebApplicationContext@147ed70f: startup date [Sat May 04 18:03:48 CEST 2019]; root of context hierarchy
2019-05-04 18:03:52,531 INFO org.springframework.web.servlet.handler.AbstractHandlerMethodMapping$MappingRegistry [main] Mapped "{[/api/getUserById/{email}]}" onto public org.springframework.http.ResponseEntity<bezbednost.etapa2.model.Korisnik> bezbednost.etapa2.controller.KorisnikController.getKorisnikById(java.lang.String,javax.servlet.http.HttpServletRequest)
2019-05-04 18:03:52,533 INFO org.springframework.web.servlet.handler.AbstractHandlerMethodMapping$MappingRegistry [main] Mapped "{[/api/ukloniRolu/{email}/{id}]}" onto public org.springframework.http.ResponseEntity<bezbednost.etapa2.model.Korisnik> bezbednost.etapa2.controller.KorisnikController.ukloniRolu(java.lang.String,java.lang.Long,javax.servlet.http.HttpServletRequest)
2019-05-04 18:03:52,533 INFO org.springframework.web.servlet.handler.AbstractHandlerMethodMapping$MappingRegistry [main] Mapped "{[/api/getRezervation]}" onto public org.springframework.http.ResponseEntity<java.lang.String> bezbednost.etapa2.controller.KorisnikController.rezervacije(javax.servlet.http.HttpServletRequest)
2019-05-04 18:03:52,533 INFO org.springframework.web.servlet.handler.AbstractHandlerMethodMapping$MappingRegistry [main] Mapped "{[/api/dodajRolu/{email}/{id}]}" onto public org.springframework.http.ResponseEntity<bezbednost.etapa2.model.Korisnik> bezbednost.etapa2.controller.KorisnikController.dodajRolu(java.lang.String,java.lang.Long,javax.servlet.http.HttpServletRequest)
2019-05-04 18:03:52,533 INFO org.springframework.web.servlet.handler.AbstractHandlerMethodMapping$MappingRegistry [main] Mapped "{[/api/getAllUsers]}" onto public org.springframework.http.ResponseEntity<java.util.List<bezbednost.etapa2.model.Korisnik>> bezbednost.etapa2.controller.KorisnikController.getAllUsers(javax.servlet.http.HttpServletRequest)
2019-05-04 18:03:52,535 INFO org.springframework.web.servlet.handler.AbstractHandlerMethodMapping$MappingRegistry [main] Mapped "{[/api/login],methods=[POST],consumes=[application/json]}" onto public org.springframework.http.ResponseEntity<java.lang.String> bezbednost.etapa2.controller.KorisnikController.login(bezbednost.etapa2.dto.KorisnikPrijavaDTO)
2019-05-04 18:03:52,535 INFO org.springframework.web.servlet.handler.AbstractHandlerMethodMapping$MappingRegistry [main] Mapped "{[/api/createKorisnik],methods=[POST],consumes=[application/json]}" onto public org.springframework.http.ResponseEntity<bezbednost.etapa2.model.Korisnik> bezbednost.etapa2.controller.KorisnikController.createKorisnik(bezbednost.etapa2.dto.KorisnikDTO,javax.servlet.http.HttpServletRequest)
2019-05-04 18:03:52,535 INFO org.springframework.web.servlet.handler.AbstractHandlerMethodMapping$MappingRegistry [main] Mapped "{[/api/getRolesFromUser/{username}]}" onto public org.springframework.http.ResponseEntity<java.util.List<bezbednost.etapa2.model.Rola>> bezbednost.etapa2.controller.KorisnikController.getAllRolesFromUser(java.lang.String,javax.servlet.http.HttpServletRequest)
2019-05-04 18:03:52,535 INFO org.springframework.web.servlet.handler.AbstractHandlerMethodMapping$MappingRegistry [main] Mapped "{[/api/deleteRole/{id}],methods=[DELETE]}" onto public org.springframework.http.ResponseEntity<java.lang.String> bezbednost.etapa2.controller.RolaController.deleteRola(java.lang.Long,javax.servlet.http.HttpServletRequest)
2019-05-04 18:03:52,536 INFO org.springframework.web.servlet.handler.AbstractHandlerMethodMapping$MappingRegistry [main] Mapped "{[/api/getRoleById/{id}]}" onto public org.springframework.http.ResponseEntity<bezbednost.etapa2.model.Rola> bezbednost.etapa2.controller.RolaController.getRolaById(java.lang.Long,javax.servlet.http.HttpServletRequest)
2019-05-04 18:03:52,537 INFO org.springframework.web.servlet.handler.AbstractHandlerMethodMapping$MappingRegistry [main] Mapped "{[/api/getAllRoles]}" onto public org.springframework.http.ResponseEntity<java.util.List<bezbednost.etapa2.model.Rola>> bezbednost.etapa2.controller.RolaController.getAllRoles(javax.servlet.http.HttpServletRequest)
2019-05-04 18:03:52,537 INFO org.springframework.web.servlet.handler.AbstractHandlerMethodMapping$MappingRegistry [main] Mapped "{[/api/getServiseRole/{rid}]}" onto public org.springframework.http.ResponseEntity<java.util.List<bezbednost.etapa2.model.Servis>> bezbednost.etapa2.controller.RolaController.getServiseRole(java.lang.Long,javax.servlet.http.HttpServletRequest)
2019-05-04 18:03:52,537 INFO org.springframework.web.servlet.handler.AbstractHandlerMethodMapping$MappingRegistry [main] Mapped "{[/api/createRole],methods=[POST],consumes=[application/json]}" onto public org.springframework.http.ResponseEntity<bezbednost.etapa2.model.Rola> bezbednost.etapa2.controller.RolaController.createRola(bezbednost.etapa2.dto.RolaDTO,javax.servlet.http.HttpServletRequest)
2019-05-04 18:03:52,538 INFO org.springframework.web.servlet.handler.AbstractHandlerMethodMapping$MappingRegistry [main] Mapped "{[/api/ukloniServis/{rid}/{sid}]}" onto public org.springframework.http.ResponseEntity<bezbednost.etapa2.model.Rola> bezbednost.etapa2.controller.RolaController.ukloniServis(java.lang.Long,java.lang.Long,javax.servlet.http.HttpServletRequest)
2019-05-04 18:03:52,538 INFO org.springframework.web.servlet.handler.AbstractHandlerMethodMapping$MappingRegistry [main] Mapped "{[/api/dodajServis/{rid}/{sid}]}" onto public org.springframework.http.ResponseEntity<bezbednost.etapa2.model.Rola> bezbednost.etapa2.controller.RolaController.dodajServis(java.lang.Long,java.lang.Long,javax.servlet.http.HttpServletRequest)
2019-05-04 18:03:52,540 INFO org.springframework.web.servlet.handler.AbstractHandlerMethodMapping$MappingRegistry [main] Mapped "{[/api/getAllServices]}" onto public org.springframework.http.ResponseEntity<java.util.List<bezbednost.etapa2.model.Servis>> bezbednost.etapa2.controller.ServisController.getAllServices(javax.servlet.http.HttpServletRequest)
2019-05-04 18:03:52,541 INFO org.springframework.web.servlet.handler.AbstractHandlerMethodMapping$MappingRegistry [main] Mapped "{[/api/deleteService/{id}],methods=[DELETE]}" onto public org.springframework.http.ResponseEntity<java.lang.String> bezbednost.etapa2.controller.ServisController.deleteServis(java.lang.Long,javax.servlet.http.HttpServletRequest)
2019-05-04 18:03:52,542 INFO org.springframework.web.servlet.handler.AbstractHandlerMethodMapping$MappingRegistry [main] Mapped "{[/api/getServiceById/{id}]}" onto public org.springframework.http.ResponseEntity<bezbednost.etapa2.model.Servis> bezbednost.etapa2.controller.ServisController.getServisById(java.lang.Long,javax.servlet.http.HttpServletRequest)
2019-05-04 18:03:52,542 INFO org.springframework.web.servlet.handler.AbstractHandlerMethodMapping$MappingRegistry [main] Mapped "{[/api/createService],methods=[POST]}" onto public org.springframework.http.ResponseEntity<bezbednost.etapa2.model.Servis> bezbednost.etapa2.controller.ServisController.createService(bezbednost.etapa2.dto.ServisDTO,javax.servlet.http.HttpServletRequest)
2019-05-04 18:03:52,542 INFO org.springframework.web.servlet.handler.AbstractHandlerMethodMapping$MappingRegistry [main] Mapped "{[/api/getAllServices/{id}]}" onto public org.springframework.http.ResponseEntity<java.util.List<bezbednost.etapa2.model.Servis>> bezbednost.etapa2.controller.ServisController.getAllServicesRola(java.lang.Long,javax.servlet.http.HttpServletRequest)
2019-05-04 18:03:52,542 INFO org.springframework.web.servlet.handler.AbstractHandlerMethodMapping$MappingRegistry [main] Mapped "{[/api/smestaj/{id}],methods=[DELETE]}" onto public org.springframework.http.ResponseEntity<java.lang.Void> bezbednost.etapa2.controller.SmestajController.delete(java.lang.Long,javax.servlet.http.HttpServletRequest)
2019-05-04 18:03:52,543 INFO org.springframework.web.servlet.handler.AbstractHandlerMethodMapping$MappingRegistry [main] Mapped "{[/api/smestaj],methods=[POST],consumes=[application/json]}" onto public org.springframework.http.ResponseEntity<bezbednost.etapa2.dto.SmestajDTO> bezbednost.etapa2.controller.SmestajController.create(bezbednost.etapa2.dto.SmestajDTO,javax.servlet.http.HttpServletRequest)
2019-05-04 18:03:52,543 INFO org.springframework.web.servlet.handler.AbstractHandlerMethodMapping$MappingRegistry [main] Mapped "{[/api/smestaj],methods=[GET],produces=[application/json]}" onto public org.springframework.http.ResponseEntity<java.util.List<bezbednost.etapa2.model.SmestajModel>> bezbednost.etapa2.controller.SmestajController.getAllSmestaji(javax.servlet.http.HttpServletRequest)
2019-05-04 18:03:52,543 INFO org.springframework.web.servlet.handler.AbstractHandlerMethodMapping$MappingRegistry [main] Mapped "{[/api/smestaj/synchronize/{id}],methods=[GET]}" onto public org.springframework.http.ResponseEntity<java.util.List<bezbednost.etapa2.dto.SmestajDTO>> bezbednost.etapa2.controller.SmestajController.getSynchronized(java.lang.Long,javax.servlet.http.HttpServletRequest)
2019-05-04 18:03:52,544 INFO org.springframework.web.servlet.handler.AbstractHandlerMethodMapping$MappingRegistry [main] Mapped "{[/api/smestaj/{id}],methods=[GET]}" onto public org.springframework.http.ResponseEntity<bezbednost.etapa2.dto.SmestajDTO> bezbednost.etapa2.controller.SmestajController.getSmestaj(java.lang.Long,javax.servlet.http.HttpServletRequest)
2019-05-04 18:03:52,544 INFO org.springframework.web.servlet.handler.AbstractHandlerMethodMapping$MappingRegistry [main] Mapped "{[/api/getSmestajiByOwner]}" onto public org.springframework.http.ResponseEntity<java.util.List<bezbednost.etapa2.model.SmestajModel>> bezbednost.etapa2.controller.SmestajController.getSmestajiByOwner(javax.servlet.http.HttpServletRequest)
2019-05-04 18:03:52,545 INFO org.springframework.web.servlet.handler.AbstractHandlerMethodMapping$MappingRegistry [main] Mapped "{[/error]}" onto public org.springframework.http.ResponseEntity<java.util.Map<java.lang.String, java.lang.Object>> org.springframework.boot.autoconfigure.web.BasicErrorController.error(javax.servlet.http.HttpServletRequest)
2019-05-04 18:03:52,546 INFO org.springframework.web.servlet.handler.AbstractHandlerMethodMapping$MappingRegistry [main] Mapped "{[/error],produces=[text/html]}" onto public org.springframework.web.servlet.ModelAndView org.springframework.boot.autoconfigure.web.BasicErrorController.errorHtml(javax.servlet.http.HttpServletRequest,javax.servlet.http.HttpServletResponse)
2019-05-04 18:03:52,577 INFO org.springframework.web.servlet.handler.AbstractUrlHandlerMapping [main] Mapped URL path [/webjars/**] onto handler of type [class org.springframework.web.servlet.resource.ResourceHttpRequestHandler]
2019-05-04 18:03:52,578 INFO org.springframework.web.servlet.handler.AbstractUrlHandlerMapping [main] Mapped URL path [/**] onto handler of type [class org.springframework.web.servlet.resource.ResourceHttpRequestHandler]
2019-05-04 18:03:52,606 INFO org.springframework.web.servlet.handler.AbstractUrlHandlerMapping [main] Mapped URL path [/**/favicon.ico] onto handler of type [class org.springframework.web.servlet.resource.ResourceHttpRequestHandler]
2019-05-04 18:03:52,733 INFO org.springframework.security.web.DefaultSecurityFilterChain [main] Creating filter chain: OrRequestMatcher [requestMatchers=[Ant [pattern='/css/**'], Ant [pattern='/js/**'], Ant [pattern='/images/**'], Ant [pattern='/webjars/**'], Ant [pattern='/**/favicon.ico'], Ant [pattern='/error']]], []
2019-05-04 18:03:52,767 INFO org.springframework.security.web.DefaultSecurityFilterChain [main] Creating filter chain: org.springframework.boot.autoconfigure.security.SpringBootWebSecurityConfiguration$ApplicationNoWebSecurityConfigurerAdapter$1@5e1218b4, [org.springframework.security.web.context.request.async.WebAsyncManagerIntegrationFilter@12958360, org.springframework.security.web.context.SecurityContextPersistenceFilter@2f61f937, org.springframework.security.web.header.HeaderWriterFilter@33cbfa57, org.springframework.security.web.csrf.CsrfFilter@597f48df, org.springframework.security.web.authentication.logout.LogoutFilter@6f7e336b, org.springframework.security.web.savedrequest.RequestCacheAwareFilter@44de0113, org.springframework.security.web.servletapi.SecurityContextHolderAwareRequestFilter@69d6a7cd, org.springframework.security.web.authentication.AnonymousAuthenticationFilter@c6e0f32, org.springframework.security.web.session.SessionManagementFilter@58d63b16, org.springframework.security.web.access.ExceptionTranslationFilter@528f8f8b]
2019-05-04 18:03:52,847 INFO org.springframework.jmx.export.MBeanExporter [main] Registering beans for JMX exposure on startup
2019-05-04 18:03:52,858 INFO org.apache.juli.logging.DirectJDKLog [main] Initializing ProtocolHandler ["https-jsse-nio-8080"]
2019-05-04 18:03:52,866 INFO org.apache.juli.logging.DirectJDKLog [main] Starting ProtocolHandler ["https-jsse-nio-8080"]
2019-05-04 18:03:53,043 INFO org.apache.juli.logging.DirectJDKLog [main] Using a shared selector for servlet write/read
2019-05-04 18:03:53,056 INFO org.springframework.boot.context.embedded.tomcat.TomcatEmbeddedServletContainer [main] Tomcat started on port(s): 8080 (https)
2019-05-04 18:03:53,059 INFO org.springframework.boot.StartupInfoLogger [main] Started AdminZaBezbednostApp in 5.42 seconds (JVM running for 6.038)
2019-05-04 18:04:10,813 INFO org.apache.juli.logging.DirectJDKLog [https-jsse-nio-8080-exec-4] Initializing Spring FrameworkServlet 'dispatcherServlet'
2019-05-04 18:04:10,813 INFO org.springframework.web.servlet.FrameworkServlet [https-jsse-nio-8080-exec-4] FrameworkServlet 'dispatcherServlet': initialization started
2019-05-04 18:04:10,854 INFO org.springframework.web.servlet.FrameworkServlet [https-jsse-nio-8080-exec-4] FrameworkServlet 'dispatcherServlet': initialization completed in 41 ms
2019-05-04 18:04:10,967 INFO org.hibernate.hql.internal.QueryTranslatorFactoryInitiator [https-jsse-nio-8080-exec-4] HHH000397: Using ASTQueryTranslatorFactory
2019-05-04 18:04:14,194 INFO bezbednost.etapa2.controller.RolaController [https-jsse-nio-8080-exec-6] INFO message
2019-05-04 18:06:27,559 INFO org.springframework.boot.admin.SpringApplicationAdminMXBeanRegistrar$SpringApplicationAdmin [RMI TCP Connection(2)-127.0.0.1] Application shutdown requested.
2019-05-04 18:06:27,559 INFO org.springframework.context.support.AbstractApplicationContext [RMI TCP Connection(2)-127.0.0.1] Closing org.springframework.boot.context.embedded.AnnotationConfigEmbeddedWebApplicationContext@147ed70f: startup date [Sat May 04 18:03:48 CEST 2019]; root of context hierarchy
2019-05-04 18:06:27,563 INFO org.springframework.jmx.export.MBeanExporter [RMI TCP Connection(2)-127.0.0.1] Unregistering JMX-exposed beans on shutdown
2019-05-04 18:06:27,564 INFO org.springframework.orm.jpa.AbstractEntityManagerFactoryBean [RMI TCP Connection(2)-127.0.0.1] Closing JPA EntityManagerFactory for persistence unit 'default'
2019-05-04 18:06:36,718 ERROR org.springframework.boot.SpringApplication [main] Application startup failed
java.lang.IllegalStateException: Logback configuration error detected: 
ERROR in ch.qos.logback.core.ConsoleAppender[Console] - No encoder set for the appender named "Console".
	at org.springframework.boot.logging.logback.LogbackLoggingSystem.loadConfiguration(LogbackLoggingSystem.java:162)
	at org.springframework.boot.logging.AbstractLoggingSystem.initializeWithConventions(AbstractLoggingSystem.java:81)
	at org.springframework.boot.logging.AbstractLoggingSystem.initialize(AbstractLoggingSystem.java:59)
	at org.springframework.boot.logging.logback.LogbackLoggingSystem.initialize(LogbackLoggingSystem.java:115)
	at org.springframework.boot.logging.LoggingApplicationListener.initializeSystem(LoggingApplicationListener.java:303)
	at org.springframework.boot.logging.LoggingApplicationListener.initialize(LoggingApplicationListener.java:276)
	at org.springframework.boot.logging.LoggingApplicationListener.onApplicationEnvironmentPreparedEvent(LoggingApplicationListener.java:239)
	at org.springframework.boot.logging.LoggingApplicationListener.onApplicationEvent(LoggingApplicationListener.java:212)
	at org.springframework.context.event.SimpleApplicationEventMulticaster.doInvokeListener(SimpleApplicationEventMulticaster.java:172)
	at org.springframework.context.event.SimpleApplicationEventMulticaster.invokeListener(SimpleApplicationEventMulticaster.java:165)
	at org.springframework.context.event.SimpleApplicationEventMulticaster.multicastEvent(SimpleApplicationEventMulticaster.java:139)
	at org.springframework.context.event.SimpleApplicationEventMulticaster.multicastEvent(SimpleApplicationEventMulticaster.java:122)
	at org.springframework.boot.context.event.EventPublishingRunListener.environmentPrepared(EventPublishingRunListener.java:74)
	at org.springframework.boot.SpringApplicationRunListeners.environmentPrepared(SpringApplicationRunListeners.java:54)
	at org.springframework.boot.SpringApplication.prepareEnvironment(SpringApplication.java:325)
	at org.springframework.boot.SpringApplication.run(SpringApplication.java:296)
	at org.springframework.boot.SpringApplication.run(SpringApplication.java:1118)
	at org.springframework.boot.SpringApplication.run(SpringApplication.java:1107)
	at bezbednost.etapa2.AdminZaBezbednostApp.main(AdminZaBezbednostApp.java:14)
2019-05-04 18:06:52,119 INFO org.springframework.boot.StartupInfoLogger [main] Starting AdminZaBezbednostApp on DESKTOP-31SLHJK with PID 3392 (F:\bezbednostXmlWorkspace\admin-za-bezbednost-api\target\classes started by Korisnik in F:\bezbednostXmlWorkspace\admin-za-bezbednost-api)
2019-05-04 18:06:52,122 INFO org.springframework.boot.SpringApplication [main] No active profile set, falling back to default profiles: default
2019-05-04 18:06:52,151 INFO org.springframework.context.support.AbstractApplicationContext [main] Refreshing org.springframework.boot.context.embedded.AnnotationConfigEmbeddedWebApplicationContext@147ed70f: startup date [Sat May 04 18:06:52 CEST 2019]; root of context hierarchy
2019-05-04 18:06:52,227 INFO org.hibernate.validator.internal.util.Version [background-preinit] HV000001: Hibernate Validator 5.3.6.Final
2019-05-04 18:06:53,583 INFO org.springframework.boot.context.embedded.tomcat.TomcatEmbeddedServletContainer [main] Tomcat initialized with port(s): 8080 (https)
2019-05-04 18:06:53,595 INFO org.apache.juli.logging.DirectJDKLog [main] Starting service [Tomcat]
2019-05-04 18:06:53,597 INFO org.apache.juli.logging.DirectJDKLog [main] Starting Servlet Engine: Apache Tomcat/8.5.23
2019-05-04 18:06:53,692 INFO org.apache.juli.logging.DirectJDKLog [localhost-startStop-1] Initializing Spring embedded WebApplicationContext
2019-05-04 18:06:53,692 INFO org.springframework.boot.context.embedded.EmbeddedWebApplicationContext [localhost-startStop-1] Root WebApplicationContext: initialization completed in 1541 ms
2019-05-04 18:06:54,797 INFO org.springframework.orm.jpa.LocalContainerEntityManagerFactoryBean [localhost-startStop-1] Building JPA container EntityManagerFactory for persistence unit 'default'
2019-05-04 18:06:54,801 INFO org.hibernate.jpa.internal.util.LogHelper [localhost-startStop-1] HHH000204: Processing PersistenceUnitInfo [
	name: default
	...]
2019-05-04 18:06:54,841 INFO org.hibernate.Version [localhost-startStop-1] HHH000412: Hibernate Core {5.0.12.Final}
2019-05-04 18:06:54,859 INFO org.hibernate.cfg.Environment [localhost-startStop-1] HHH000206: hibernate.properties not found
2019-05-04 18:06:54,860 INFO org.hibernate.cfg.Environment [localhost-startStop-1] HHH000021: Bytecode provider name : javassist
2019-05-04 18:06:54,889 INFO org.hibernate.annotations.common.reflection.java.JavaReflectionManager [localhost-startStop-1] HCANN000001: Hibernate Commons Annotations {5.0.1.Final}
2019-05-04 18:06:54,965 INFO org.hibernate.dialect.Dialect [localhost-startStop-1] HHH000400: Using dialect: org.hibernate.dialect.MySQL5Dialect
2019-05-04 18:06:55,338 INFO org.hibernate.tool.hbm2ddl.SchemaUpdate [localhost-startStop-1] HHH000228: Running hbm2ddl schema update
2019-05-04 18:06:55,881 INFO org.springframework.orm.jpa.AbstractEntityManagerFactoryBean [localhost-startStop-1] Initialized JPA EntityManagerFactory for persistence unit 'default'
2019-05-04 18:06:56,173 INFO org.springframework.boot.web.servlet.AbstractFilterRegistrationBean [localhost-startStop-1] Mapping filter: 'characterEncodingFilter' to: [/*]
2019-05-04 18:06:56,175 INFO org.springframework.boot.web.servlet.AbstractFilterRegistrationBean [localhost-startStop-1] Mapping filter: 'hiddenHttpMethodFilter' to: [/*]
2019-05-04 18:06:56,175 INFO org.springframework.boot.web.servlet.AbstractFilterRegistrationBean [localhost-startStop-1] Mapping filter: 'httpPutFormContentFilter' to: [/*]
2019-05-04 18:06:56,175 INFO org.springframework.boot.web.servlet.AbstractFilterRegistrationBean [localhost-startStop-1] Mapping filter: 'requestContextFilter' to: [/*]
2019-05-04 18:06:56,176 INFO org.springframework.boot.web.servlet.AbstractFilterRegistrationBean [localhost-startStop-1] Mapping filter: 'springSecurityFilterChain' to: [/*]
2019-05-04 18:06:56,176 INFO org.springframework.boot.web.servlet.AbstractFilterRegistrationBean [localhost-startStop-1] Mapping filter: 'jwtTokenFilter' to: [/*]
2019-05-04 18:06:56,176 INFO org.springframework.boot.web.servlet.ServletRegistrationBean [localhost-startStop-1] Mapping servlet: 'dispatcherServlet' to [/]
2019-05-04 18:06:56,484 INFO org.springframework.web.servlet.mvc.method.annotation.RequestMappingHandlerAdapter [main] Looking for @ControllerAdvice: org.springframework.boot.context.embedded.AnnotationConfigEmbeddedWebApplicationContext@147ed70f: startup date [Sat May 04 18:06:52 CEST 2019]; root of context hierarchy
2019-05-04 18:06:56,538 INFO org.springframework.web.servlet.handler.AbstractHandlerMethodMapping$MappingRegistry [main] Mapped "{[/api/getAllUsers]}" onto public org.springframework.http.ResponseEntity<java.util.List<bezbednost.etapa2.model.Korisnik>> bezbednost.etapa2.controller.KorisnikController.getAllUsers(javax.servlet.http.HttpServletRequest)
2019-05-04 18:06:56,540 INFO org.springframework.web.servlet.handler.AbstractHandlerMethodMapping$MappingRegistry [main] Mapped "{[/api/login],methods=[POST],consumes=[application/json]}" onto public org.springframework.http.ResponseEntity<java.lang.String> bezbednost.etapa2.controller.KorisnikController.login(bezbednost.etapa2.dto.KorisnikPrijavaDTO)
2019-05-04 18:06:56,542 INFO org.springframework.web.servlet.handler.AbstractHandlerMethodMapping$MappingRegistry [main] Mapped "{[/api/getUserById/{email}]}" onto public org.springframework.http.ResponseEntity<bezbednost.etapa2.model.Korisnik> bezbednost.etapa2.controller.KorisnikController.getKorisnikById(java.lang.String,javax.servlet.http.HttpServletRequest)
2019-05-04 18:06:56,542 INFO org.springframework.web.servlet.handler.AbstractHandlerMethodMapping$MappingRegistry [main] Mapped "{[/api/ukloniRolu/{email}/{id}]}" onto public org.springframework.http.ResponseEntity<bezbednost.etapa2.model.Korisnik> bezbednost.etapa2.controller.KorisnikController.ukloniRolu(java.lang.String,java.lang.Long,javax.servlet.http.HttpServletRequest)
2019-05-04 18:06:56,543 INFO org.springframework.web.servlet.handler.AbstractHandlerMethodMapping$MappingRegistry [main] Mapped "{[/api/getRezervation]}" onto public org.springframework.http.ResponseEntity<java.lang.String> bezbednost.etapa2.controller.KorisnikController.rezervacije(javax.servlet.http.HttpServletRequest)
2019-05-04 18:06:56,543 INFO org.springframework.web.servlet.handler.AbstractHandlerMethodMapping$MappingRegistry [main] Mapped "{[/api/createKorisnik],methods=[POST],consumes=[application/json]}" onto public org.springframework.http.ResponseEntity<bezbednost.etapa2.model.Korisnik> bezbednost.etapa2.controller.KorisnikController.createKorisnik(bezbednost.etapa2.dto.KorisnikDTO,javax.servlet.http.HttpServletRequest)
2019-05-04 18:06:56,543 INFO org.springframework.web.servlet.handler.AbstractHandlerMethodMapping$MappingRegistry [main] Mapped "{[/api/dodajRolu/{email}/{id}]}" onto public org.springframework.http.ResponseEntity<bezbednost.etapa2.model.Korisnik> bezbednost.etapa2.controller.KorisnikController.dodajRolu(java.lang.String,java.lang.Long,javax.servlet.http.HttpServletRequest)
2019-05-04 18:06:56,544 INFO org.springframework.web.servlet.handler.AbstractHandlerMethodMapping$MappingRegistry [main] Mapped "{[/api/getRolesFromUser/{username}]}" onto public org.springframework.http.ResponseEntity<java.util.List<bezbednost.etapa2.model.Rola>> bezbednost.etapa2.controller.KorisnikController.getAllRolesFromUser(java.lang.String,javax.servlet.http.HttpServletRequest)
2019-05-04 18:06:56,545 INFO org.springframework.web.servlet.handler.AbstractHandlerMethodMapping$MappingRegistry [main] Mapped "{[/api/getRoleById/{id}]}" onto public org.springframework.http.ResponseEntity<bezbednost.etapa2.model.Rola> bezbednost.etapa2.controller.RolaController.getRolaById(java.lang.Long,javax.servlet.http.HttpServletRequest)
2019-05-04 18:06:56,545 INFO org.springframework.web.servlet.handler.AbstractHandlerMethodMapping$MappingRegistry [main] Mapped "{[/api/getServiseRole/{rid}]}" onto public org.springframework.http.ResponseEntity<java.util.List<bezbednost.etapa2.model.Servis>> bezbednost.etapa2.controller.RolaController.getServiseRole(java.lang.Long,javax.servlet.http.HttpServletRequest)
2019-05-04 18:06:56,546 INFO org.springframework.web.servlet.handler.AbstractHandlerMethodMapping$MappingRegistry [main] Mapped "{[/api/createRole],methods=[POST],consumes=[application/json]}" onto public org.springframework.http.ResponseEntity<bezbednost.etapa2.model.Rola> bezbednost.etapa2.controller.RolaController.createRola(bezbednost.etapa2.dto.RolaDTO,javax.servlet.http.HttpServletRequest)
2019-05-04 18:06:56,546 INFO org.springframework.web.servlet.handler.AbstractHandlerMethodMapping$MappingRegistry [main] Mapped "{[/api/deleteRole/{id}],methods=[DELETE]}" onto public org.springframework.http.ResponseEntity<java.lang.String> bezbednost.etapa2.controller.RolaController.deleteRola(java.lang.Long,javax.servlet.http.HttpServletRequest)
2019-05-04 18:06:56,547 INFO org.springframework.web.servlet.handler.AbstractHandlerMethodMapping$MappingRegistry [main] Mapped "{[/api/ukloniServis/{rid}/{sid}]}" onto public org.springframework.http.ResponseEntity<bezbednost.etapa2.model.Rola> bezbednost.etapa2.controller.RolaController.ukloniServis(java.lang.Long,java.lang.Long,javax.servlet.http.HttpServletRequest)
2019-05-04 18:06:56,547 INFO org.springframework.web.servlet.handler.AbstractHandlerMethodMapping$MappingRegistry [main] Mapped "{[/api/dodajServis/{rid}/{sid}]}" onto public org.springframework.http.ResponseEntity<bezbednost.etapa2.model.Rola> bezbednost.etapa2.controller.RolaController.dodajServis(java.lang.Long,java.lang.Long,javax.servlet.http.HttpServletRequest)
2019-05-04 18:06:56,547 INFO org.springframework.web.servlet.handler.AbstractHandlerMethodMapping$MappingRegistry [main] Mapped "{[/api/getAllRoles]}" onto public org.springframework.http.ResponseEntity<java.util.List<bezbednost.etapa2.model.Rola>> bezbednost.etapa2.controller.RolaController.getAllRoles(javax.servlet.http.HttpServletRequest)
2019-05-04 18:06:56,549 INFO org.springframework.web.servlet.handler.AbstractHandlerMethodMapping$MappingRegistry [main] Mapped "{[/api/createService],methods=[POST]}" onto public org.springframework.http.ResponseEntity<bezbednost.etapa2.model.Servis> bezbednost.etapa2.controller.ServisController.createService(bezbednost.etapa2.dto.ServisDTO,javax.servlet.http.HttpServletRequest)
2019-05-04 18:06:56,550 INFO org.springframework.web.servlet.handler.AbstractHandlerMethodMapping$MappingRegistry [main] Mapped "{[/api/getAllServices]}" onto public org.springframework.http.ResponseEntity<java.util.List<bezbednost.etapa2.model.Servis>> bezbednost.etapa2.controller.ServisController.getAllServices(javax.servlet.http.HttpServletRequest)
2019-05-04 18:06:56,552 INFO org.springframework.web.servlet.handler.AbstractHandlerMethodMapping$MappingRegistry [main] Mapped "{[/api/deleteService/{id}],methods=[DELETE]}" onto public org.springframework.http.ResponseEntity<java.lang.String> bezbednost.etapa2.controller.ServisController.deleteServis(java.lang.Long,javax.servlet.http.HttpServletRequest)
2019-05-04 18:06:56,553 INFO org.springframework.web.servlet.handler.AbstractHandlerMethodMapping$MappingRegistry [main] Mapped "{[/api/getServiceById/{id}]}" onto public org.springframework.http.ResponseEntity<bezbednost.etapa2.model.Servis> bezbednost.etapa2.controller.ServisController.getServisById(java.lang.Long,javax.servlet.http.HttpServletRequest)
2019-05-04 18:06:56,554 INFO org.springframework.web.servlet.handler.AbstractHandlerMethodMapping$MappingRegistry [main] Mapped "{[/api/getAllServices/{id}]}" onto public org.springframework.http.ResponseEntity<java.util.List<bezbednost.etapa2.model.Servis>> bezbednost.etapa2.controller.ServisController.getAllServicesRola(java.lang.Long,javax.servlet.http.HttpServletRequest)
2019-05-04 18:06:56,555 INFO org.springframework.web.servlet.handler.AbstractHandlerMethodMapping$MappingRegistry [main] Mapped "{[/api/smestaj/{id}],methods=[DELETE]}" onto public org.springframework.http.ResponseEntity<java.lang.Void> bezbednost.etapa2.controller.SmestajController.delete(java.lang.Long,javax.servlet.http.HttpServletRequest)
2019-05-04 18:06:56,556 INFO org.springframework.web.servlet.handler.AbstractHandlerMethodMapping$MappingRegistry [main] Mapped "{[/api/smestaj],methods=[POST],consumes=[application/json]}" onto public org.springframework.http.ResponseEntity<bezbednost.etapa2.dto.SmestajDTO> bezbednost.etapa2.controller.SmestajController.create(bezbednost.etapa2.dto.SmestajDTO,javax.servlet.http.HttpServletRequest)
2019-05-04 18:06:56,557 INFO org.springframework.web.servlet.handler.AbstractHandlerMethodMapping$MappingRegistry [main] Mapped "{[/api/smestaj/synchronize/{id}],methods=[GET]}" onto public org.springframework.http.ResponseEntity<java.util.List<bezbednost.etapa2.dto.SmestajDTO>> bezbednost.etapa2.controller.SmestajController.getSynchronized(java.lang.Long,javax.servlet.http.HttpServletRequest)
2019-05-04 18:06:56,558 INFO org.springframework.web.servlet.handler.AbstractHandlerMethodMapping$MappingRegistry [main] Mapped "{[/api/smestaj/{id}],methods=[GET]}" onto public org.springframework.http.ResponseEntity<bezbednost.etapa2.dto.SmestajDTO> bezbednost.etapa2.controller.SmestajController.getSmestaj(java.lang.Long,javax.servlet.http.HttpServletRequest)
2019-05-04 18:06:56,559 INFO org.springframework.web.servlet.handler.AbstractHandlerMethodMapping$MappingRegistry [main] Mapped "{[/api/smestaj],methods=[GET],produces=[application/json]}" onto public org.springframework.http.ResponseEntity<java.util.List<bezbednost.etapa2.model.SmestajModel>> bezbednost.etapa2.controller.SmestajController.getAllSmestaji(javax.servlet.http.HttpServletRequest)
2019-05-04 18:06:56,560 INFO org.springframework.web.servlet.handler.AbstractHandlerMethodMapping$MappingRegistry [main] Mapped "{[/api/getSmestajiByOwner]}" onto public org.springframework.http.ResponseEntity<java.util.List<bezbednost.etapa2.model.SmestajModel>> bezbednost.etapa2.controller.SmestajController.getSmestajiByOwner(javax.servlet.http.HttpServletRequest)
2019-05-04 18:06:56,563 INFO org.springframework.web.servlet.handler.AbstractHandlerMethodMapping$MappingRegistry [main] Mapped "{[/error]}" onto public org.springframework.http.ResponseEntity<java.util.Map<java.lang.String, java.lang.Object>> org.springframework.boot.autoconfigure.web.BasicErrorController.error(javax.servlet.http.HttpServletRequest)
2019-05-04 18:06:56,563 INFO org.springframework.web.servlet.handler.AbstractHandlerMethodMapping$MappingRegistry [main] Mapped "{[/error],produces=[text/html]}" onto public org.springframework.web.servlet.ModelAndView org.springframework.boot.autoconfigure.web.BasicErrorController.errorHtml(javax.servlet.http.HttpServletRequest,javax.servlet.http.HttpServletResponse)
2019-05-04 18:06:56,589 INFO org.springframework.web.servlet.handler.AbstractUrlHandlerMapping [main] Mapped URL path [/webjars/**] onto handler of type [class org.springframework.web.servlet.resource.ResourceHttpRequestHandler]
2019-05-04 18:06:56,590 INFO org.springframework.web.servlet.handler.AbstractUrlHandlerMapping [main] Mapped URL path [/**] onto handler of type [class org.springframework.web.servlet.resource.ResourceHttpRequestHandler]
2019-05-04 18:06:56,628 INFO org.springframework.web.servlet.handler.AbstractUrlHandlerMapping [main] Mapped URL path [/**/favicon.ico] onto handler of type [class org.springframework.web.servlet.resource.ResourceHttpRequestHandler]
2019-05-04 18:06:56,796 INFO org.springframework.security.web.DefaultSecurityFilterChain [main] Creating filter chain: OrRequestMatcher [requestMatchers=[Ant [pattern='/css/**'], Ant [pattern='/js/**'], Ant [pattern='/images/**'], Ant [pattern='/webjars/**'], Ant [pattern='/**/favicon.ico'], Ant [pattern='/error']]], []
2019-05-04 18:06:56,834 INFO org.springframework.security.web.DefaultSecurityFilterChain [main] Creating filter chain: org.springframework.boot.autoconfigure.security.SpringBootWebSecurityConfiguration$ApplicationNoWebSecurityConfigurerAdapter$1@7428de63, [org.springframework.security.web.context.request.async.WebAsyncManagerIntegrationFilter@66f659e6, org.springframework.security.web.context.SecurityContextPersistenceFilter@68dcfd52, org.springframework.security.web.header.HeaderWriterFilter@31c2affc, org.springframework.security.web.csrf.CsrfFilter@9d1a267, org.springframework.security.web.authentication.logout.LogoutFilter@1f966492, org.springframework.security.web.savedrequest.RequestCacheAwareFilter@5177e388, org.springframework.security.web.servletapi.SecurityContextHolderAwareRequestFilter@6f0cb5a1, org.springframework.security.web.authentication.AnonymousAuthenticationFilter@4a68135e, org.springframework.security.web.session.SessionManagementFilter@369c9bb, org.springframework.security.web.access.ExceptionTranslationFilter@834831b]
2019-05-04 18:06:56,921 INFO org.springframework.jmx.export.MBeanExporter [main] Registering beans for JMX exposure on startup
2019-05-04 18:06:56,937 INFO org.apache.juli.logging.DirectJDKLog [main] Initializing ProtocolHandler ["https-jsse-nio-8080"]
2019-05-04 18:06:56,948 INFO org.apache.juli.logging.DirectJDKLog [main] Starting ProtocolHandler ["https-jsse-nio-8080"]
2019-05-04 18:06:57,158 INFO org.apache.juli.logging.DirectJDKLog [main] Using a shared selector for servlet write/read
2019-05-04 18:06:57,172 INFO org.springframework.boot.context.embedded.tomcat.TomcatEmbeddedServletContainer [main] Tomcat started on port(s): 8080 (https)
2019-05-04 18:06:57,175 INFO org.springframework.boot.StartupInfoLogger [main] Started AdminZaBezbednostApp in 5.291 seconds (JVM running for 5.977)
2019-05-04 18:07:44,207 INFO org.springframework.boot.admin.SpringApplicationAdminMXBeanRegistrar$SpringApplicationAdmin [RMI TCP Connection(2)-127.0.0.1] Application shutdown requested.
2019-05-04 18:07:44,207 INFO org.springframework.context.support.AbstractApplicationContext [RMI TCP Connection(2)-127.0.0.1] Closing org.springframework.boot.context.embedded.AnnotationConfigEmbeddedWebApplicationContext@147ed70f: startup date [Sat May 04 18:06:52 CEST 2019]; root of context hierarchy
2019-05-04 18:07:44,209 INFO org.springframework.jmx.export.MBeanExporter [RMI TCP Connection(2)-127.0.0.1] Unregistering JMX-exposed beans on shutdown
2019-05-04 18:07:44,212 INFO org.springframework.orm.jpa.AbstractEntityManagerFactoryBean [RMI TCP Connection(2)-127.0.0.1] Closing JPA EntityManagerFactory for persistence unit 'default'
2019-05-04 18:07:54,286 INFO org.springframework.boot.StartupInfoLogger [main] Starting AdminZaBezbednostApp on DESKTOP-31SLHJK with PID 4404 (F:\bezbednostXmlWorkspace\admin-za-bezbednost-api\target\classes started by Korisnik in F:\bezbednostXmlWorkspace\admin-za-bezbednost-api)
2019-05-04 18:07:54,288 INFO org.springframework.boot.SpringApplication [main] No active profile set, falling back to default profiles: default
2019-05-04 18:07:54,318 INFO org.springframework.context.support.AbstractApplicationContext [main] Refreshing org.springframework.boot.context.embedded.AnnotationConfigEmbeddedWebApplicationContext@147ed70f: startup date [Sat May 04 18:07:54 CEST 2019]; root of context hierarchy
2019-05-04 18:07:54,402 INFO org.hibernate.validator.internal.util.Version [background-preinit] HV000001: Hibernate Validator 5.3.6.Final
2019-05-04 18:07:55,345 INFO org.springframework.boot.context.embedded.tomcat.TomcatEmbeddedServletContainer [main] Tomcat initialized with port(s): 8080 (https)
2019-05-04 18:07:55,355 INFO org.apache.juli.logging.DirectJDKLog [main] Starting service [Tomcat]
2019-05-04 18:07:55,357 INFO org.apache.juli.logging.DirectJDKLog [main] Starting Servlet Engine: Apache Tomcat/8.5.23
2019-05-04 18:07:55,440 INFO org.apache.juli.logging.DirectJDKLog [localhost-startStop-1] Initializing Spring embedded WebApplicationContext
2019-05-04 18:07:55,440 INFO org.springframework.boot.context.embedded.EmbeddedWebApplicationContext [localhost-startStop-1] Root WebApplicationContext: initialization completed in 1122 ms
2019-05-04 18:07:56,457 INFO org.springframework.orm.jpa.LocalContainerEntityManagerFactoryBean [localhost-startStop-1] Building JPA container EntityManagerFactory for persistence unit 'default'
2019-05-04 18:07:56,480 INFO org.hibernate.jpa.internal.util.LogHelper [localhost-startStop-1] HHH000204: Processing PersistenceUnitInfo [
	name: default
	...]
2019-05-04 18:07:56,515 INFO org.hibernate.Version [localhost-startStop-1] HHH000412: Hibernate Core {5.0.12.Final}
2019-05-04 18:07:56,526 INFO org.hibernate.cfg.Environment [localhost-startStop-1] HHH000206: hibernate.properties not found
2019-05-04 18:07:56,527 INFO org.hibernate.cfg.Environment [localhost-startStop-1] HHH000021: Bytecode provider name : javassist
2019-05-04 18:07:56,557 INFO org.hibernate.annotations.common.reflection.java.JavaReflectionManager [localhost-startStop-1] HCANN000001: Hibernate Commons Annotations {5.0.1.Final}
2019-05-04 18:07:56,632 INFO org.hibernate.dialect.Dialect [localhost-startStop-1] HHH000400: Using dialect: org.hibernate.dialect.MySQL5Dialect
2019-05-04 18:07:57,009 INFO org.hibernate.tool.hbm2ddl.SchemaUpdate [localhost-startStop-1] HHH000228: Running hbm2ddl schema update
2019-05-04 18:07:57,980 INFO org.springframework.orm.jpa.AbstractEntityManagerFactoryBean [localhost-startStop-1] Initialized JPA EntityManagerFactory for persistence unit 'default'
2019-05-04 18:07:58,237 INFO org.springframework.boot.web.servlet.AbstractFilterRegistrationBean [localhost-startStop-1] Mapping filter: 'characterEncodingFilter' to: [/*]
2019-05-04 18:07:58,239 INFO org.springframework.boot.web.servlet.AbstractFilterRegistrationBean [localhost-startStop-1] Mapping filter: 'hiddenHttpMethodFilter' to: [/*]
2019-05-04 18:07:58,239 INFO org.springframework.boot.web.servlet.AbstractFilterRegistrationBean [localhost-startStop-1] Mapping filter: 'httpPutFormContentFilter' to: [/*]
2019-05-04 18:07:58,239 INFO org.springframework.boot.web.servlet.AbstractFilterRegistrationBean [localhost-startStop-1] Mapping filter: 'requestContextFilter' to: [/*]
2019-05-04 18:07:58,240 INFO org.springframework.boot.web.servlet.AbstractFilterRegistrationBean [localhost-startStop-1] Mapping filter: 'springSecurityFilterChain' to: [/*]
2019-05-04 18:07:58,240 INFO org.springframework.boot.web.servlet.AbstractFilterRegistrationBean [localhost-startStop-1] Mapping filter: 'jwtTokenFilter' to: [/*]
2019-05-04 18:07:58,240 INFO org.springframework.boot.web.servlet.ServletRegistrationBean [localhost-startStop-1] Mapping servlet: 'dispatcherServlet' to [/]
2019-05-04 18:07:58,525 INFO org.springframework.web.servlet.mvc.method.annotation.RequestMappingHandlerAdapter [main] Looking for @ControllerAdvice: org.springframework.boot.context.embedded.AnnotationConfigEmbeddedWebApplicationContext@147ed70f: startup date [Sat May 04 18:07:54 CEST 2019]; root of context hierarchy
2019-05-04 18:07:58,566 INFO org.springframework.web.servlet.handler.AbstractHandlerMethodMapping$MappingRegistry [main] Mapped "{[/api/getRolesFromUser/{username}]}" onto public org.springframework.http.ResponseEntity<java.util.List<bezbednost.etapa2.model.Rola>> bezbednost.etapa2.controller.KorisnikController.getAllRolesFromUser(java.lang.String,javax.servlet.http.HttpServletRequest)
2019-05-04 18:07:58,568 INFO org.springframework.web.servlet.handler.AbstractHandlerMethodMapping$MappingRegistry [main] Mapped "{[/api/dodajRolu/{email}/{id}]}" onto public org.springframework.http.ResponseEntity<bezbednost.etapa2.model.Korisnik> bezbednost.etapa2.controller.KorisnikController.dodajRolu(java.lang.String,java.lang.Long,javax.servlet.http.HttpServletRequest)
2019-05-04 18:07:58,569 INFO org.springframework.web.servlet.handler.AbstractHandlerMethodMapping$MappingRegistry [main] Mapped "{[/api/ukloniRolu/{email}/{id}]}" onto public org.springframework.http.ResponseEntity<bezbednost.etapa2.model.Korisnik> bezbednost.etapa2.controller.KorisnikController.ukloniRolu(java.lang.String,java.lang.Long,javax.servlet.http.HttpServletRequest)
2019-05-04 18:07:58,569 INFO org.springframework.web.servlet.handler.AbstractHandlerMethodMapping$MappingRegistry [main] Mapped "{[/api/getRezervation]}" onto public org.springframework.http.ResponseEntity<java.lang.String> bezbednost.etapa2.controller.KorisnikController.rezervacije(javax.servlet.http.HttpServletRequest)
2019-05-04 18:07:58,569 INFO org.springframework.web.servlet.handler.AbstractHandlerMethodMapping$MappingRegistry [main] Mapped "{[/api/createKorisnik],methods=[POST],consumes=[application/json]}" onto public org.springframework.http.ResponseEntity<bezbednost.etapa2.model.Korisnik> bezbednost.etapa2.controller.KorisnikController.createKorisnik(bezbednost.etapa2.dto.KorisnikDTO,javax.servlet.http.HttpServletRequest)
2019-05-04 18:07:58,570 INFO org.springframework.web.servlet.handler.AbstractHandlerMethodMapping$MappingRegistry [main] Mapped "{[/api/login],methods=[POST],consumes=[application/json]}" onto public org.springframework.http.ResponseEntity<java.lang.String> bezbednost.etapa2.controller.KorisnikController.login(bezbednost.etapa2.dto.KorisnikPrijavaDTO)
2019-05-04 18:07:58,570 INFO org.springframework.web.servlet.handler.AbstractHandlerMethodMapping$MappingRegistry [main] Mapped "{[/api/getUserById/{email}]}" onto public org.springframework.http.ResponseEntity<bezbednost.etapa2.model.Korisnik> bezbednost.etapa2.controller.KorisnikController.getKorisnikById(java.lang.String,javax.servlet.http.HttpServletRequest)
2019-05-04 18:07:58,571 INFO org.springframework.web.servlet.handler.AbstractHandlerMethodMapping$MappingRegistry [main] Mapped "{[/api/getAllUsers]}" onto public org.springframework.http.ResponseEntity<java.util.List<bezbednost.etapa2.model.Korisnik>> bezbednost.etapa2.controller.KorisnikController.getAllUsers(javax.servlet.http.HttpServletRequest)
2019-05-04 18:07:58,571 INFO org.springframework.web.servlet.handler.AbstractHandlerMethodMapping$MappingRegistry [main] Mapped "{[/api/createRole],methods=[POST],consumes=[application/json]}" onto public org.springframework.http.ResponseEntity<bezbednost.etapa2.model.Rola> bezbednost.etapa2.controller.RolaController.createRola(bezbednost.etapa2.dto.RolaDTO,javax.servlet.http.HttpServletRequest)
2019-05-04 18:07:58,572 INFO org.springframework.web.servlet.handler.AbstractHandlerMethodMapping$MappingRegistry [main] Mapped "{[/api/getServiseRole/{rid}]}" onto public org.springframework.http.ResponseEntity<java.util.List<bezbednost.etapa2.model.Servis>> bezbednost.etapa2.controller.RolaController.getServiseRole(java.lang.Long,javax.servlet.http.HttpServletRequest)
2019-05-04 18:07:58,572 INFO org.springframework.web.servlet.handler.AbstractHandlerMethodMapping$MappingRegistry [main] Mapped "{[/api/getAllRoles]}" onto public org.springframework.http.ResponseEntity<java.util.List<bezbednost.etapa2.model.Rola>> bezbednost.etapa2.controller.RolaController.getAllRoles(javax.servlet.http.HttpServletRequest)
2019-05-04 18:07:58,573 INFO org.springframework.web.servlet.handler.AbstractHandlerMethodMapping$MappingRegistry [main] Mapped "{[/api/getRoleById/{id}]}" onto public org.springframework.http.ResponseEntity<bezbednost.etapa2.model.Rola> bezbednost.etapa2.controller.RolaController.getRolaById(java.lang.Long,javax.servlet.http.HttpServletRequest)
2019-05-04 18:07:58,573 INFO org.springframework.web.servlet.handler.AbstractHandlerMethodMapping$MappingRegistry [main] Mapped "{[/api/dodajServis/{rid}/{sid}]}" onto public org.springframework.http.ResponseEntity<bezbednost.etapa2.model.Rola> bezbednost.etapa2.controller.RolaController.dodajServis(java.lang.Long,java.lang.Long,javax.servlet.http.HttpServletRequest)
2019-05-04 18:07:58,573 INFO org.springframework.web.servlet.handler.AbstractHandlerMethodMapping$MappingRegistry [main] Mapped "{[/api/ukloniServis/{rid}/{sid}]}" onto public org.springframework.http.ResponseEntity<bezbednost.etapa2.model.Rola> bezbednost.etapa2.controller.RolaController.ukloniServis(java.lang.Long,java.lang.Long,javax.servlet.http.HttpServletRequest)
2019-05-04 18:07:58,574 INFO org.springframework.web.servlet.handler.AbstractHandlerMethodMapping$MappingRegistry [main] Mapped "{[/api/deleteRole/{id}],methods=[DELETE]}" onto public org.springframework.http.ResponseEntity<java.lang.String> bezbednost.etapa2.controller.RolaController.deleteRola(java.lang.Long,javax.servlet.http.HttpServletRequest)
2019-05-04 18:07:58,576 INFO org.springframework.web.servlet.handler.AbstractHandlerMethodMapping$MappingRegistry [main] Mapped "{[/api/getAllServices/{id}]}" onto public org.springframework.http.ResponseEntity<java.util.List<bezbednost.etapa2.model.Servis>> bezbednost.etapa2.controller.ServisController.getAllServicesRola(java.lang.Long,javax.servlet.http.HttpServletRequest)
2019-05-04 18:07:58,577 INFO org.springframework.web.servlet.handler.AbstractHandlerMethodMapping$MappingRegistry [main] Mapped "{[/api/getAllServices]}" onto public org.springframework.http.ResponseEntity<java.util.List<bezbednost.etapa2.model.Servis>> bezbednost.etapa2.controller.ServisController.getAllServices(javax.servlet.http.HttpServletRequest)
2019-05-04 18:07:58,577 INFO org.springframework.web.servlet.handler.AbstractHandlerMethodMapping$MappingRegistry [main] Mapped "{[/api/createService],methods=[POST]}" onto public org.springframework.http.ResponseEntity<bezbednost.etapa2.model.Servis> bezbednost.etapa2.controller.ServisController.createService(bezbednost.etapa2.dto.ServisDTO,javax.servlet.http.HttpServletRequest)
2019-05-04 18:07:58,577 INFO org.springframework.web.servlet.handler.AbstractHandlerMethodMapping$MappingRegistry [main] Mapped "{[/api/getServiceById/{id}]}" onto public org.springframework.http.ResponseEntity<bezbednost.etapa2.model.Servis> bezbednost.etapa2.controller.ServisController.getServisById(java.lang.Long,javax.servlet.http.HttpServletRequest)
2019-05-04 18:07:58,577 INFO org.springframework.web.servlet.handler.AbstractHandlerMethodMapping$MappingRegistry [main] Mapped "{[/api/deleteService/{id}],methods=[DELETE]}" onto public org.springframework.http.ResponseEntity<java.lang.String> bezbednost.etapa2.controller.ServisController.deleteServis(java.lang.Long,javax.servlet.http.HttpServletRequest)
2019-05-04 18:07:58,578 INFO org.springframework.web.servlet.handler.AbstractHandlerMethodMapping$MappingRegistry [main] Mapped "{[/api/smestaj/{id}],methods=[DELETE]}" onto public org.springframework.http.ResponseEntity<java.lang.Void> bezbednost.etapa2.controller.SmestajController.delete(java.lang.Long,javax.servlet.http.HttpServletRequest)
2019-05-04 18:07:58,579 INFO org.springframework.web.servlet.handler.AbstractHandlerMethodMapping$MappingRegistry [main] Mapped "{[/api/smestaj],methods=[POST],consumes=[application/json]}" onto public org.springframework.http.ResponseEntity<bezbednost.etapa2.dto.SmestajDTO> bezbednost.etapa2.controller.SmestajController.create(bezbednost.etapa2.dto.SmestajDTO,javax.servlet.http.HttpServletRequest)
2019-05-04 18:07:58,579 INFO org.springframework.web.servlet.handler.AbstractHandlerMethodMapping$MappingRegistry [main] Mapped "{[/api/getSmestajiByOwner]}" onto public org.springframework.http.ResponseEntity<java.util.List<bezbednost.etapa2.model.SmestajModel>> bezbednost.etapa2.controller.SmestajController.getSmestajiByOwner(javax.servlet.http.HttpServletRequest)
2019-05-04 18:07:58,579 INFO org.springframework.web.servlet.handler.AbstractHandlerMethodMapping$MappingRegistry [main] Mapped "{[/api/smestaj/synchronize/{id}],methods=[GET]}" onto public org.springframework.http.ResponseEntity<java.util.List<bezbednost.etapa2.dto.SmestajDTO>> bezbednost.etapa2.controller.SmestajController.getSynchronized(java.lang.Long,javax.servlet.http.HttpServletRequest)
2019-05-04 18:07:58,580 INFO org.springframework.web.servlet.handler.AbstractHandlerMethodMapping$MappingRegistry [main] Mapped "{[/api/smestaj/{id}],methods=[GET]}" onto public org.springframework.http.ResponseEntity<bezbednost.etapa2.dto.SmestajDTO> bezbednost.etapa2.controller.SmestajController.getSmestaj(java.lang.Long,javax.servlet.http.HttpServletRequest)
2019-05-04 18:07:58,580 INFO org.springframework.web.servlet.handler.AbstractHandlerMethodMapping$MappingRegistry [main] Mapped "{[/api/smestaj],methods=[GET],produces=[application/json]}" onto public org.springframework.http.ResponseEntity<java.util.List<bezbednost.etapa2.model.SmestajModel>> bezbednost.etapa2.controller.SmestajController.getAllSmestaji(javax.servlet.http.HttpServletRequest)
2019-05-04 18:07:58,581 INFO org.springframework.web.servlet.handler.AbstractHandlerMethodMapping$MappingRegistry [main] Mapped "{[/error]}" onto public org.springframework.http.ResponseEntity<java.util.Map<java.lang.String, java.lang.Object>> org.springframework.boot.autoconfigure.web.BasicErrorController.error(javax.servlet.http.HttpServletRequest)
2019-05-04 18:07:58,581 INFO org.springframework.web.servlet.handler.AbstractHandlerMethodMapping$MappingRegistry [main] Mapped "{[/error],produces=[text/html]}" onto public org.springframework.web.servlet.ModelAndView org.springframework.boot.autoconfigure.web.BasicErrorController.errorHtml(javax.servlet.http.HttpServletRequest,javax.servlet.http.HttpServletResponse)
2019-05-04 18:07:58,614 INFO org.springframework.web.servlet.handler.AbstractUrlHandlerMapping [main] Mapped URL path [/webjars/**] onto handler of type [class org.springframework.web.servlet.resource.ResourceHttpRequestHandler]
2019-05-04 18:07:58,614 INFO org.springframework.web.servlet.handler.AbstractUrlHandlerMapping [main] Mapped URL path [/**] onto handler of type [class org.springframework.web.servlet.resource.ResourceHttpRequestHandler]
2019-05-04 18:07:58,637 INFO org.springframework.web.servlet.handler.AbstractUrlHandlerMapping [main] Mapped URL path [/**/favicon.ico] onto handler of type [class org.springframework.web.servlet.resource.ResourceHttpRequestHandler]
2019-05-04 18:07:58,762 INFO org.springframework.security.web.DefaultSecurityFilterChain [main] Creating filter chain: OrRequestMatcher [requestMatchers=[Ant [pattern='/css/**'], Ant [pattern='/js/**'], Ant [pattern='/images/**'], Ant [pattern='/webjars/**'], Ant [pattern='/**/favicon.ico'], Ant [pattern='/error']]], []
2019-05-04 18:07:58,798 INFO org.springframework.security.web.DefaultSecurityFilterChain [main] Creating filter chain: org.springframework.boot.autoconfigure.security.SpringBootWebSecurityConfiguration$ApplicationNoWebSecurityConfigurerAdapter$1@46678e49, [org.springframework.security.web.context.request.async.WebAsyncManagerIntegrationFilter@748e9b20, org.springframework.security.web.context.SecurityContextPersistenceFilter@37b72ea, org.springframework.security.web.header.HeaderWriterFilter@58d63b16, org.springframework.security.web.csrf.CsrfFilter@314ed053, org.springframework.security.web.authentication.logout.LogoutFilter@66f659e6, org.springframework.security.web.savedrequest.RequestCacheAwareFilter@7d37f1c, org.springframework.security.web.servletapi.SecurityContextHolderAwareRequestFilter@655523dd, org.springframework.security.web.authentication.AnonymousAuthenticationFilter@2063c53e, org.springframework.security.web.session.SessionManagementFilter@68dcfd52, org.springframework.security.web.access.ExceptionTranslationFilter@31c2affc]
2019-05-04 18:07:58,883 INFO org.springframework.jmx.export.MBeanExporter [main] Registering beans for JMX exposure on startup
2019-05-04 18:07:58,896 INFO org.apache.juli.logging.DirectJDKLog [main] Initializing ProtocolHandler ["https-jsse-nio-8080"]
2019-05-04 18:07:58,903 INFO org.apache.juli.logging.DirectJDKLog [main] Starting ProtocolHandler ["https-jsse-nio-8080"]
2019-05-04 18:07:59,094 INFO org.apache.juli.logging.DirectJDKLog [main] Using a shared selector for servlet write/read
2019-05-04 18:07:59,107 INFO org.springframework.boot.context.embedded.tomcat.TomcatEmbeddedServletContainer [main] Tomcat started on port(s): 8080 (https)
2019-05-04 18:07:59,110 INFO org.springframework.boot.StartupInfoLogger [main] Started AdminZaBezbednostApp in 5.062 seconds (JVM running for 5.76)
2019-05-04 18:10:33,941 INFO org.springframework.boot.admin.SpringApplicationAdminMXBeanRegistrar$SpringApplicationAdmin [RMI TCP Connection(2)-127.0.0.1] Application shutdown requested.
2019-05-04 18:10:33,941 INFO org.springframework.context.support.AbstractApplicationContext [RMI TCP Connection(2)-127.0.0.1] Closing org.springframework.boot.context.embedded.AnnotationConfigEmbeddedWebApplicationContext@147ed70f: startup date [Sat May 04 18:07:54 CEST 2019]; root of context hierarchy
2019-05-04 18:10:33,943 INFO org.springframework.jmx.export.MBeanExporter [RMI TCP Connection(2)-127.0.0.1] Unregistering JMX-exposed beans on shutdown
2019-05-04 18:10:33,947 INFO org.springframework.orm.jpa.AbstractEntityManagerFactoryBean [RMI TCP Connection(2)-127.0.0.1] Closing JPA EntityManagerFactory for persistence unit 'default'
2019-05-04 18:11:31,816 INFO org.springframework.boot.StartupInfoLogger [main] Starting AdminZaBezbednostApp on DESKTOP-31SLHJK with PID 7032 (F:\bezbednostXmlWorkspace\admin-za-bezbednost-api\target\classes started by Korisnik in F:\bezbednostXmlWorkspace\admin-za-bezbednost-api)
2019-05-04 18:11:31,819 INFO org.springframework.boot.SpringApplication [main] No active profile set, falling back to default profiles: default
2019-05-04 18:11:31,850 INFO org.springframework.context.support.AbstractApplicationContext [main] Refreshing org.springframework.boot.context.embedded.AnnotationConfigEmbeddedWebApplicationContext@147ed70f: startup date [Sat May 04 18:11:31 CEST 2019]; root of context hierarchy
2019-05-04 18:11:31,931 INFO org.hibernate.validator.internal.util.Version [background-preinit] HV000001: Hibernate Validator 5.3.6.Final
2019-05-04 18:11:32,822 INFO org.springframework.boot.context.embedded.tomcat.TomcatEmbeddedServletContainer [main] Tomcat initialized with port(s): 8080 (https)
2019-05-04 18:11:32,831 INFO org.apache.juli.logging.DirectJDKLog [main] Starting service [Tomcat]
2019-05-04 18:11:32,832 INFO org.apache.juli.logging.DirectJDKLog [main] Starting Servlet Engine: Apache Tomcat/8.5.23
2019-05-04 18:11:32,922 INFO org.apache.juli.logging.DirectJDKLog [localhost-startStop-1] Initializing Spring embedded WebApplicationContext
2019-05-04 18:11:32,923 INFO org.springframework.boot.context.embedded.EmbeddedWebApplicationContext [localhost-startStop-1] Root WebApplicationContext: initialization completed in 1073 ms
2019-05-04 18:11:33,929 INFO org.springframework.orm.jpa.LocalContainerEntityManagerFactoryBean [localhost-startStop-1] Building JPA container EntityManagerFactory for persistence unit 'default'
2019-05-04 18:11:33,947 INFO org.hibernate.jpa.internal.util.LogHelper [localhost-startStop-1] HHH000204: Processing PersistenceUnitInfo [
	name: default
	...]
2019-05-04 18:11:33,988 INFO org.hibernate.Version [localhost-startStop-1] HHH000412: Hibernate Core {5.0.12.Final}
2019-05-04 18:11:33,988 INFO org.hibernate.cfg.Environment [localhost-startStop-1] HHH000206: hibernate.properties not found
2019-05-04 18:11:34,004 INFO org.hibernate.cfg.Environment [localhost-startStop-1] HHH000021: Bytecode provider name : javassist
2019-05-04 18:11:34,035 INFO org.hibernate.annotations.common.reflection.java.JavaReflectionManager [localhost-startStop-1] HCANN000001: Hibernate Commons Annotations {5.0.1.Final}
2019-05-04 18:11:34,114 INFO org.hibernate.dialect.Dialect [localhost-startStop-1] HHH000400: Using dialect: org.hibernate.dialect.MySQL5Dialect
2019-05-04 18:11:34,482 INFO org.hibernate.tool.hbm2ddl.SchemaUpdate [localhost-startStop-1] HHH000228: Running hbm2ddl schema update
2019-05-04 18:11:34,981 INFO org.springframework.orm.jpa.AbstractEntityManagerFactoryBean [localhost-startStop-1] Initialized JPA EntityManagerFactory for persistence unit 'default'
2019-05-04 18:11:35,248 INFO org.springframework.boot.web.servlet.AbstractFilterRegistrationBean [localhost-startStop-1] Mapping filter: 'characterEncodingFilter' to: [/*]
2019-05-04 18:11:35,248 INFO org.springframework.boot.web.servlet.AbstractFilterRegistrationBean [localhost-startStop-1] Mapping filter: 'hiddenHttpMethodFilter' to: [/*]
2019-05-04 18:11:35,259 INFO org.springframework.boot.web.servlet.AbstractFilterRegistrationBean [localhost-startStop-1] Mapping filter: 'httpPutFormContentFilter' to: [/*]
2019-05-04 18:11:35,259 INFO org.springframework.boot.web.servlet.AbstractFilterRegistrationBean [localhost-startStop-1] Mapping filter: 'requestContextFilter' to: [/*]
2019-05-04 18:11:35,260 INFO org.springframework.boot.web.servlet.AbstractFilterRegistrationBean [localhost-startStop-1] Mapping filter: 'springSecurityFilterChain' to: [/*]
2019-05-04 18:11:35,260 INFO org.springframework.boot.web.servlet.AbstractFilterRegistrationBean [localhost-startStop-1] Mapping filter: 'jwtTokenFilter' to: [/*]
2019-05-04 18:11:35,261 INFO org.springframework.boot.web.servlet.ServletRegistrationBean [localhost-startStop-1] Mapping servlet: 'dispatcherServlet' to [/]
2019-05-04 18:11:35,502 INFO org.springframework.web.servlet.mvc.method.annotation.RequestMappingHandlerAdapter [main] Looking for @ControllerAdvice: org.springframework.boot.context.embedded.AnnotationConfigEmbeddedWebApplicationContext@147ed70f: startup date [Sat May 04 18:11:31 CEST 2019]; root of context hierarchy
2019-05-04 18:11:35,550 INFO org.springframework.web.servlet.handler.AbstractHandlerMethodMapping$MappingRegistry [main] Mapped "{[/api/getAllUsers]}" onto public org.springframework.http.ResponseEntity<java.util.List<bezbednost.etapa2.model.Korisnik>> bezbednost.etapa2.controller.KorisnikController.getAllUsers(javax.servlet.http.HttpServletRequest)
2019-05-04 18:11:35,552 INFO org.springframework.web.servlet.handler.AbstractHandlerMethodMapping$MappingRegistry [main] Mapped "{[/api/login],methods=[POST],consumes=[application/json]}" onto public org.springframework.http.ResponseEntity<java.lang.String> bezbednost.etapa2.controller.KorisnikController.login(bezbednost.etapa2.dto.KorisnikPrijavaDTO)
2019-05-04 18:11:35,553 INFO org.springframework.web.servlet.handler.AbstractHandlerMethodMapping$MappingRegistry [main] Mapped "{[/api/ukloniRolu/{email}/{id}]}" onto public org.springframework.http.ResponseEntity<bezbednost.etapa2.model.Korisnik> bezbednost.etapa2.controller.KorisnikController.ukloniRolu(java.lang.String,java.lang.Long,javax.servlet.http.HttpServletRequest)
2019-05-04 18:11:35,553 INFO org.springframework.web.servlet.handler.AbstractHandlerMethodMapping$MappingRegistry [main] Mapped "{[/api/getRezervation]}" onto public org.springframework.http.ResponseEntity<java.lang.String> bezbednost.etapa2.controller.KorisnikController.rezervacije(javax.servlet.http.HttpServletRequest)
2019-05-04 18:11:35,553 INFO org.springframework.web.servlet.handler.AbstractHandlerMethodMapping$MappingRegistry [main] Mapped "{[/api/getUserById/{email}]}" onto public org.springframework.http.ResponseEntity<bezbednost.etapa2.model.Korisnik> bezbednost.etapa2.controller.KorisnikController.getKorisnikById(java.lang.String,javax.servlet.http.HttpServletRequest)
2019-05-04 18:11:35,554 INFO org.springframework.web.servlet.handler.AbstractHandlerMethodMapping$MappingRegistry [main] Mapped "{[/api/dodajRolu/{email}/{id}]}" onto public org.springframework.http.ResponseEntity<bezbednost.etapa2.model.Korisnik> bezbednost.etapa2.controller.KorisnikController.dodajRolu(java.lang.String,java.lang.Long,javax.servlet.http.HttpServletRequest)
2019-05-04 18:11:35,554 INFO org.springframework.web.servlet.handler.AbstractHandlerMethodMapping$MappingRegistry [main] Mapped "{[/api/createKorisnik],methods=[POST],consumes=[application/json]}" onto public org.springframework.http.ResponseEntity<bezbednost.etapa2.model.Korisnik> bezbednost.etapa2.controller.KorisnikController.createKorisnik(bezbednost.etapa2.dto.KorisnikDTO,javax.servlet.http.HttpServletRequest)
2019-05-04 18:11:35,554 INFO org.springframework.web.servlet.handler.AbstractHandlerMethodMapping$MappingRegistry [main] Mapped "{[/api/getRolesFromUser/{username}]}" onto public org.springframework.http.ResponseEntity<java.util.List<bezbednost.etapa2.model.Rola>> bezbednost.etapa2.controller.KorisnikController.getAllRolesFromUser(java.lang.String,javax.servlet.http.HttpServletRequest)
2019-05-04 18:11:35,555 INFO org.springframework.web.servlet.handler.AbstractHandlerMethodMapping$MappingRegistry [main] Mapped "{[/api/dodajServis/{rid}/{sid}]}" onto public org.springframework.http.ResponseEntity<bezbednost.etapa2.model.Rola> bezbednost.etapa2.controller.RolaController.dodajServis(java.lang.Long,java.lang.Long,javax.servlet.http.HttpServletRequest)
2019-05-04 18:11:35,556 INFO org.springframework.web.servlet.handler.AbstractHandlerMethodMapping$MappingRegistry [main] Mapped "{[/api/getAllRoles]}" onto public org.springframework.http.ResponseEntity<java.util.List<bezbednost.etapa2.model.Rola>> bezbednost.etapa2.controller.RolaController.getAllRoles(javax.servlet.http.HttpServletRequest)
2019-05-04 18:11:35,556 INFO org.springframework.web.servlet.handler.AbstractHandlerMethodMapping$MappingRegistry [main] Mapped "{[/api/ukloniServis/{rid}/{sid}]}" onto public org.springframework.http.ResponseEntity<bezbednost.etapa2.model.Rola> bezbednost.etapa2.controller.RolaController.ukloniServis(java.lang.Long,java.lang.Long,javax.servlet.http.HttpServletRequest)
2019-05-04 18:11:35,557 INFO org.springframework.web.servlet.handler.AbstractHandlerMethodMapping$MappingRegistry [main] Mapped "{[/api/getRoleById/{id}]}" onto public org.springframework.http.ResponseEntity<bezbednost.etapa2.model.Rola> bezbednost.etapa2.controller.RolaController.getRolaById(java.lang.Long,javax.servlet.http.HttpServletRequest)
2019-05-04 18:11:35,557 INFO org.springframework.web.servlet.handler.AbstractHandlerMethodMapping$MappingRegistry [main] Mapped "{[/api/deleteRole/{id}],methods=[DELETE]}" onto public org.springframework.http.ResponseEntity<java.lang.String> bezbednost.etapa2.controller.RolaController.deleteRola(java.lang.Long,javax.servlet.http.HttpServletRequest)
2019-05-04 18:11:35,558 INFO org.springframework.web.servlet.handler.AbstractHandlerMethodMapping$MappingRegistry [main] Mapped "{[/api/getServiseRole/{rid}]}" onto public org.springframework.http.ResponseEntity<java.util.List<bezbednost.etapa2.model.Servis>> bezbednost.etapa2.controller.RolaController.getServiseRole(java.lang.Long,javax.servlet.http.HttpServletRequest)
2019-05-04 18:11:35,558 INFO org.springframework.web.servlet.handler.AbstractHandlerMethodMapping$MappingRegistry [main] Mapped "{[/api/createRole],methods=[POST],consumes=[application/json]}" onto public org.springframework.http.ResponseEntity<bezbednost.etapa2.model.Rola> bezbednost.etapa2.controller.RolaController.createRola(bezbednost.etapa2.dto.RolaDTO,javax.servlet.http.HttpServletRequest)
2019-05-04 18:11:35,560 INFO org.springframework.web.servlet.handler.AbstractHandlerMethodMapping$MappingRegistry [main] Mapped "{[/api/deleteService/{id}],methods=[DELETE]}" onto public org.springframework.http.ResponseEntity<java.lang.String> bezbednost.etapa2.controller.ServisController.deleteServis(java.lang.Long,javax.servlet.http.HttpServletRequest)
2019-05-04 18:11:35,562 INFO org.springframework.web.servlet.handler.AbstractHandlerMethodMapping$MappingRegistry [main] Mapped "{[/api/getServiceById/{id}]}" onto public org.springframework.http.ResponseEntity<bezbednost.etapa2.model.Servis> bezbednost.etapa2.controller.ServisController.getServisById(java.lang.Long,javax.servlet.http.HttpServletRequest)
2019-05-04 18:11:35,562 INFO org.springframework.web.servlet.handler.AbstractHandlerMethodMapping$MappingRegistry [main] Mapped "{[/api/createService],methods=[POST]}" onto public org.springframework.http.ResponseEntity<bezbednost.etapa2.model.Servis> bezbednost.etapa2.controller.ServisController.createService(bezbednost.etapa2.dto.ServisDTO,javax.servlet.http.HttpServletRequest)
2019-05-04 18:11:35,562 INFO org.springframework.web.servlet.handler.AbstractHandlerMethodMapping$MappingRegistry [main] Mapped "{[/api/getAllServices]}" onto public org.springframework.http.ResponseEntity<java.util.List<bezbednost.etapa2.model.Servis>> bezbednost.etapa2.controller.ServisController.getAllServices(javax.servlet.http.HttpServletRequest)
2019-05-04 18:11:35,563 INFO org.springframework.web.servlet.handler.AbstractHandlerMethodMapping$MappingRegistry [main] Mapped "{[/api/getAllServices/{id}]}" onto public org.springframework.http.ResponseEntity<java.util.List<bezbednost.etapa2.model.Servis>> bezbednost.etapa2.controller.ServisController.getAllServicesRola(java.lang.Long,javax.servlet.http.HttpServletRequest)
2019-05-04 18:11:35,564 INFO org.springframework.web.servlet.handler.AbstractHandlerMethodMapping$MappingRegistry [main] Mapped "{[/api/smestaj/{id}],methods=[DELETE]}" onto public org.springframework.http.ResponseEntity<java.lang.Void> bezbednost.etapa2.controller.SmestajController.delete(java.lang.Long,javax.servlet.http.HttpServletRequest)
2019-05-04 18:11:35,564 INFO org.springframework.web.servlet.handler.AbstractHandlerMethodMapping$MappingRegistry [main] Mapped "{[/api/smestaj],methods=[POST],consumes=[application/json]}" onto public org.springframework.http.ResponseEntity<bezbednost.etapa2.dto.SmestajDTO> bezbednost.etapa2.controller.SmestajController.create(bezbednost.etapa2.dto.SmestajDTO,javax.servlet.http.HttpServletRequest)
2019-05-04 18:11:35,565 INFO org.springframework.web.servlet.handler.AbstractHandlerMethodMapping$MappingRegistry [main] Mapped "{[/api/smestaj/synchronize/{id}],methods=[GET]}" onto public org.springframework.http.ResponseEntity<java.util.List<bezbednost.etapa2.dto.SmestajDTO>> bezbednost.etapa2.controller.SmestajController.getSynchronized(java.lang.Long,javax.servlet.http.HttpServletRequest)
2019-05-04 18:11:35,565 INFO org.springframework.web.servlet.handler.AbstractHandlerMethodMapping$MappingRegistry [main] Mapped "{[/api/smestaj],methods=[GET],produces=[application/json]}" onto public org.springframework.http.ResponseEntity<java.util.List<bezbednost.etapa2.model.SmestajModel>> bezbednost.etapa2.controller.SmestajController.getAllSmestaji(javax.servlet.http.HttpServletRequest)
2019-05-04 18:11:35,565 INFO org.springframework.web.servlet.handler.AbstractHandlerMethodMapping$MappingRegistry [main] Mapped "{[/api/smestaj/{id}],methods=[GET]}" onto public org.springframework.http.ResponseEntity<bezbednost.etapa2.dto.SmestajDTO> bezbednost.etapa2.controller.SmestajController.getSmestaj(java.lang.Long,javax.servlet.http.HttpServletRequest)
2019-05-04 18:11:35,566 INFO org.springframework.web.servlet.handler.AbstractHandlerMethodMapping$MappingRegistry [main] Mapped "{[/api/getSmestajiByOwner]}" onto public org.springframework.http.ResponseEntity<java.util.List<bezbednost.etapa2.model.SmestajModel>> bezbednost.etapa2.controller.SmestajController.getSmestajiByOwner(javax.servlet.http.HttpServletRequest)
2019-05-04 18:11:35,566 INFO org.springframework.web.servlet.handler.AbstractHandlerMethodMapping$MappingRegistry [main] Mapped "{[/error]}" onto public org.springframework.http.ResponseEntity<java.util.Map<java.lang.String, java.lang.Object>> org.springframework.boot.autoconfigure.web.BasicErrorController.error(javax.servlet.http.HttpServletRequest)
2019-05-04 18:11:35,567 INFO org.springframework.web.servlet.handler.AbstractHandlerMethodMapping$MappingRegistry [main] Mapped "{[/error],produces=[text/html]}" onto public org.springframework.web.servlet.ModelAndView org.springframework.boot.autoconfigure.web.BasicErrorController.errorHtml(javax.servlet.http.HttpServletRequest,javax.servlet.http.HttpServletResponse)
2019-05-04 18:11:35,587 INFO org.springframework.web.servlet.handler.AbstractUrlHandlerMapping [main] Mapped URL path [/webjars/**] onto handler of type [class org.springframework.web.servlet.resource.ResourceHttpRequestHandler]
2019-05-04 18:11:35,587 INFO org.springframework.web.servlet.handler.AbstractUrlHandlerMapping [main] Mapped URL path [/**] onto handler of type [class org.springframework.web.servlet.resource.ResourceHttpRequestHandler]
2019-05-04 18:11:35,615 INFO org.springframework.web.servlet.handler.AbstractUrlHandlerMapping [main] Mapped URL path [/**/favicon.ico] onto handler of type [class org.springframework.web.servlet.resource.ResourceHttpRequestHandler]
2019-05-04 18:11:35,786 INFO org.springframework.security.web.DefaultSecurityFilterChain [main] Creating filter chain: OrRequestMatcher [requestMatchers=[Ant [pattern='/css/**'], Ant [pattern='/js/**'], Ant [pattern='/images/**'], Ant [pattern='/webjars/**'], Ant [pattern='/**/favicon.ico'], Ant [pattern='/error']]], []
2019-05-04 18:11:35,818 INFO org.springframework.security.web.DefaultSecurityFilterChain [main] Creating filter chain: org.springframework.boot.autoconfigure.security.SpringBootWebSecurityConfiguration$ApplicationNoWebSecurityConfigurerAdapter$1@4a68135e, [org.springframework.security.web.context.request.async.WebAsyncManagerIntegrationFilter@46678e49, org.springframework.security.web.context.SecurityContextPersistenceFilter@5177e388, org.springframework.security.web.header.HeaderWriterFilter@6a0659ac, org.springframework.security.web.csrf.CsrfFilter@54aca26f, org.springframework.security.web.authentication.logout.LogoutFilter@7428de63, org.springframework.security.web.savedrequest.RequestCacheAwareFilter@cc239ba, org.springframework.security.web.servletapi.SecurityContextHolderAwareRequestFilter@47547132, org.springframework.security.web.authentication.AnonymousAuthenticationFilter@748e9b20, org.springframework.security.web.session.SessionManagementFilter@42b21d99, org.springframework.security.web.access.ExceptionTranslationFilter@5b4d25e7]
2019-05-04 18:11:35,933 INFO org.springframework.jmx.export.MBeanExporter [main] Registering beans for JMX exposure on startup
2019-05-04 18:11:35,951 INFO org.apache.juli.logging.DirectJDKLog [main] Initializing ProtocolHandler ["https-jsse-nio-8080"]
2019-05-04 18:11:35,961 INFO org.apache.juli.logging.DirectJDKLog [main] Starting ProtocolHandler ["https-jsse-nio-8080"]
2019-05-04 18:11:36,153 INFO org.apache.juli.logging.DirectJDKLog [main] Using a shared selector for servlet write/read
2019-05-04 18:11:36,166 INFO org.springframework.boot.context.embedded.tomcat.TomcatEmbeddedServletContainer [main] Tomcat started on port(s): 8080 (https)
2019-05-04 18:11:36,170 INFO org.springframework.boot.StartupInfoLogger [main] Started AdminZaBezbednostApp in 4.582 seconds (JVM running for 5.222)
2019-05-04 18:13:57,783 INFO org.springframework.boot.admin.SpringApplicationAdminMXBeanRegistrar$SpringApplicationAdmin [RMI TCP Connection(2)-127.0.0.1] Application shutdown requested.
2019-05-04 18:13:57,783 INFO org.springframework.context.support.AbstractApplicationContext [RMI TCP Connection(2)-127.0.0.1] Closing org.springframework.boot.context.embedded.AnnotationConfigEmbeddedWebApplicationContext@147ed70f: startup date [Sat May 04 18:11:31 CEST 2019]; root of context hierarchy
2019-05-04 18:13:57,790 INFO org.springframework.jmx.export.MBeanExporter [RMI TCP Connection(2)-127.0.0.1] Unregistering JMX-exposed beans on shutdown
2019-05-04 18:13:57,791 INFO org.springframework.orm.jpa.AbstractEntityManagerFactoryBean [RMI TCP Connection(2)-127.0.0.1] Closing JPA EntityManagerFactory for persistence unit 'default'
2019-05-04 18:14:09,213 INFO org.springframework.boot.StartupInfoLogger [main] Starting AdminZaBezbednostApp on DESKTOP-31SLHJK with PID 13084 (F:\bezbednostXmlWorkspace\admin-za-bezbednost-api\target\classes started by Korisnik in F:\bezbednostXmlWorkspace\admin-za-bezbednost-api)
2019-05-04 18:14:09,216 INFO org.springframework.boot.SpringApplication [main] No active profile set, falling back to default profiles: default
2019-05-04 18:14:09,245 INFO org.springframework.context.support.AbstractApplicationContext [main] Refreshing org.springframework.boot.context.embedded.AnnotationConfigEmbeddedWebApplicationContext@147ed70f: startup date [Sat May 04 18:14:09 CEST 2019]; root of context hierarchy
2019-05-04 18:14:09,317 INFO org.hibernate.validator.internal.util.Version [background-preinit] HV000001: Hibernate Validator 5.3.6.Final
2019-05-04 18:14:10,279 INFO org.springframework.boot.context.embedded.tomcat.TomcatEmbeddedServletContainer [main] Tomcat initialized with port(s): 8080 (https)
2019-05-04 18:14:10,288 INFO org.apache.juli.logging.DirectJDKLog [main] Starting service [Tomcat]
2019-05-04 18:14:10,289 INFO org.apache.juli.logging.DirectJDKLog [main] Starting Servlet Engine: Apache Tomcat/8.5.23
2019-05-04 18:14:10,382 INFO org.apache.juli.logging.DirectJDKLog [localhost-startStop-1] Initializing Spring embedded WebApplicationContext
2019-05-04 18:14:10,382 INFO org.springframework.boot.context.embedded.EmbeddedWebApplicationContext [localhost-startStop-1] Root WebApplicationContext: initialization completed in 1138 ms
2019-05-04 18:14:11,342 INFO org.springframework.orm.jpa.LocalContainerEntityManagerFactoryBean [localhost-startStop-1] Building JPA container EntityManagerFactory for persistence unit 'default'
2019-05-04 18:14:11,349 INFO org.hibernate.jpa.internal.util.LogHelper [localhost-startStop-1] HHH000204: Processing PersistenceUnitInfo [
	name: default
	...]
2019-05-04 18:14:11,410 INFO org.hibernate.Version [localhost-startStop-1] HHH000412: Hibernate Core {5.0.12.Final}
2019-05-04 18:14:11,412 INFO org.hibernate.cfg.Environment [localhost-startStop-1] HHH000206: hibernate.properties not found
2019-05-04 18:14:11,413 INFO org.hibernate.cfg.Environment [localhost-startStop-1] HHH000021: Bytecode provider name : javassist
2019-05-04 18:14:11,443 INFO org.hibernate.annotations.common.reflection.java.JavaReflectionManager [localhost-startStop-1] HCANN000001: Hibernate Commons Annotations {5.0.1.Final}
2019-05-04 18:14:11,519 INFO org.hibernate.dialect.Dialect [localhost-startStop-1] HHH000400: Using dialect: org.hibernate.dialect.MySQL5Dialect
2019-05-04 18:14:11,893 INFO org.hibernate.tool.hbm2ddl.SchemaUpdate [localhost-startStop-1] HHH000228: Running hbm2ddl schema update
2019-05-04 18:14:12,334 INFO org.springframework.orm.jpa.AbstractEntityManagerFactoryBean [localhost-startStop-1] Initialized JPA EntityManagerFactory for persistence unit 'default'
2019-05-04 18:14:12,633 INFO org.springframework.boot.web.servlet.AbstractFilterRegistrationBean [localhost-startStop-1] Mapping filter: 'characterEncodingFilter' to: [/*]
2019-05-04 18:14:12,643 INFO org.springframework.boot.web.servlet.AbstractFilterRegistrationBean [localhost-startStop-1] Mapping filter: 'hiddenHttpMethodFilter' to: [/*]
2019-05-04 18:14:12,643 INFO org.springframework.boot.web.servlet.AbstractFilterRegistrationBean [localhost-startStop-1] Mapping filter: 'httpPutFormContentFilter' to: [/*]
2019-05-04 18:14:12,643 INFO org.springframework.boot.web.servlet.AbstractFilterRegistrationBean [localhost-startStop-1] Mapping filter: 'requestContextFilter' to: [/*]
2019-05-04 18:14:12,643 INFO org.springframework.boot.web.servlet.AbstractFilterRegistrationBean [localhost-startStop-1] Mapping filter: 'springSecurityFilterChain' to: [/*]
2019-05-04 18:14:12,644 INFO org.springframework.boot.web.servlet.AbstractFilterRegistrationBean [localhost-startStop-1] Mapping filter: 'jwtTokenFilter' to: [/*]
2019-05-04 18:14:12,644 INFO org.springframework.boot.web.servlet.ServletRegistrationBean [localhost-startStop-1] Mapping servlet: 'dispatcherServlet' to [/]
2019-05-04 18:14:12,892 INFO org.springframework.web.servlet.mvc.method.annotation.RequestMappingHandlerAdapter [main] Looking for @ControllerAdvice: org.springframework.boot.context.embedded.AnnotationConfigEmbeddedWebApplicationContext@147ed70f: startup date [Sat May 04 18:14:09 CEST 2019]; root of context hierarchy
2019-05-04 18:14:12,933 INFO org.springframework.web.servlet.handler.AbstractHandlerMethodMapping$MappingRegistry [main] Mapped "{[/api/getUserById/{email}]}" onto public org.springframework.http.ResponseEntity<bezbednost.etapa2.model.Korisnik> bezbednost.etapa2.controller.KorisnikController.getKorisnikById(java.lang.String,javax.servlet.http.HttpServletRequest)
2019-05-04 18:14:12,935 INFO org.springframework.web.servlet.handler.AbstractHandlerMethodMapping$MappingRegistry [main] Mapped "{[/api/getAllUsers]}" onto public org.springframework.http.ResponseEntity<java.util.List<bezbednost.etapa2.model.Korisnik>> bezbednost.etapa2.controller.KorisnikController.getAllUsers(javax.servlet.http.HttpServletRequest)
2019-05-04 18:14:12,936 INFO org.springframework.web.servlet.handler.AbstractHandlerMethodMapping$MappingRegistry [main] Mapped "{[/api/ukloniRolu/{email}/{id}]}" onto public org.springframework.http.ResponseEntity<bezbednost.etapa2.model.Korisnik> bezbednost.etapa2.controller.KorisnikController.ukloniRolu(java.lang.String,java.lang.Long,javax.servlet.http.HttpServletRequest)
2019-05-04 18:14:12,936 INFO org.springframework.web.servlet.handler.AbstractHandlerMethodMapping$MappingRegistry [main] Mapped "{[/api/dodajRolu/{email}/{id}]}" onto public org.springframework.http.ResponseEntity<bezbednost.etapa2.model.Korisnik> bezbednost.etapa2.controller.KorisnikController.dodajRolu(java.lang.String,java.lang.Long,javax.servlet.http.HttpServletRequest)
2019-05-04 18:14:12,936 INFO org.springframework.web.servlet.handler.AbstractHandlerMethodMapping$MappingRegistry [main] Mapped "{[/api/getRezervation]}" onto public org.springframework.http.ResponseEntity<java.lang.String> bezbednost.etapa2.controller.KorisnikController.rezervacije(javax.servlet.http.HttpServletRequest)
2019-05-04 18:14:12,937 INFO org.springframework.web.servlet.handler.AbstractHandlerMethodMapping$MappingRegistry [main] Mapped "{[/api/login],methods=[POST],consumes=[application/json]}" onto public org.springframework.http.ResponseEntity<java.lang.String> bezbednost.etapa2.controller.KorisnikController.login(bezbednost.etapa2.dto.KorisnikPrijavaDTO)
2019-05-04 18:14:12,937 INFO org.springframework.web.servlet.handler.AbstractHandlerMethodMapping$MappingRegistry [main] Mapped "{[/api/createKorisnik],methods=[POST],consumes=[application/json]}" onto public org.springframework.http.ResponseEntity<bezbednost.etapa2.model.Korisnik> bezbednost.etapa2.controller.KorisnikController.createKorisnik(bezbednost.etapa2.dto.KorisnikDTO,javax.servlet.http.HttpServletRequest)
2019-05-04 18:14:12,937 INFO org.springframework.web.servlet.handler.AbstractHandlerMethodMapping$MappingRegistry [main] Mapped "{[/api/getRolesFromUser/{username}]}" onto public org.springframework.http.ResponseEntity<java.util.List<bezbednost.etapa2.model.Rola>> bezbednost.etapa2.controller.KorisnikController.getAllRolesFromUser(java.lang.String,javax.servlet.http.HttpServletRequest)
2019-05-04 18:14:12,938 INFO org.springframework.web.servlet.handler.AbstractHandlerMethodMapping$MappingRegistry [main] Mapped "{[/api/getServiseRole/{rid}]}" onto public org.springframework.http.ResponseEntity<java.util.List<bezbednost.etapa2.model.Servis>> bezbednost.etapa2.controller.RolaController.getServiseRole(java.lang.Long,javax.servlet.http.HttpServletRequest)
2019-05-04 18:14:12,939 INFO org.springframework.web.servlet.handler.AbstractHandlerMethodMapping$MappingRegistry [main] Mapped "{[/api/dodajServis/{rid}/{sid}]}" onto public org.springframework.http.ResponseEntity<bezbednost.etapa2.model.Rola> bezbednost.etapa2.controller.RolaController.dodajServis(java.lang.Long,java.lang.Long,javax.servlet.http.HttpServletRequest)
2019-05-04 18:14:12,939 INFO org.springframework.web.servlet.handler.AbstractHandlerMethodMapping$MappingRegistry [main] Mapped "{[/api/ukloniServis/{rid}/{sid}]}" onto public org.springframework.http.ResponseEntity<bezbednost.etapa2.model.Rola> bezbednost.etapa2.controller.RolaController.ukloniServis(java.lang.Long,java.lang.Long,javax.servlet.http.HttpServletRequest)
2019-05-04 18:14:12,940 INFO org.springframework.web.servlet.handler.AbstractHandlerMethodMapping$MappingRegistry [main] Mapped "{[/api/deleteRole/{id}],methods=[DELETE]}" onto public org.springframework.http.ResponseEntity<java.lang.String> bezbednost.etapa2.controller.RolaController.deleteRola(java.lang.Long,javax.servlet.http.HttpServletRequest)
2019-05-04 18:14:12,940 INFO org.springframework.web.servlet.handler.AbstractHandlerMethodMapping$MappingRegistry [main] Mapped "{[/api/createRole],methods=[POST],consumes=[application/json]}" onto public org.springframework.http.ResponseEntity<bezbednost.etapa2.model.Rola> bezbednost.etapa2.controller.RolaController.createRola(bezbednost.etapa2.dto.RolaDTO,javax.servlet.http.HttpServletRequest)
2019-05-04 18:14:12,940 INFO org.springframework.web.servlet.handler.AbstractHandlerMethodMapping$MappingRegistry [main] Mapped "{[/api/getRoleById/{id}]}" onto public org.springframework.http.ResponseEntity<bezbednost.etapa2.model.Rola> bezbednost.etapa2.controller.RolaController.getRolaById(java.lang.Long,javax.servlet.http.HttpServletRequest)
2019-05-04 18:14:12,941 INFO org.springframework.web.servlet.handler.AbstractHandlerMethodMapping$MappingRegistry [main] Mapped "{[/api/getAllRoles]}" onto public org.springframework.http.ResponseEntity<java.util.List<bezbednost.etapa2.model.Rola>> bezbednost.etapa2.controller.RolaController.getAllRoles(javax.servlet.http.HttpServletRequest)
2019-05-04 18:14:12,944 INFO org.springframework.web.servlet.handler.AbstractHandlerMethodMapping$MappingRegistry [main] Mapped "{[/api/createService],methods=[POST]}" onto public org.springframework.http.ResponseEntity<bezbednost.etapa2.model.Servis> bezbednost.etapa2.controller.ServisController.createService(bezbednost.etapa2.dto.ServisDTO,javax.servlet.http.HttpServletRequest)
2019-05-04 18:14:12,945 INFO org.springframework.web.servlet.handler.AbstractHandlerMethodMapping$MappingRegistry [main] Mapped "{[/api/getAllServices]}" onto public org.springframework.http.ResponseEntity<java.util.List<bezbednost.etapa2.model.Servis>> bezbednost.etapa2.controller.ServisController.getAllServices(javax.servlet.http.HttpServletRequest)
2019-05-04 18:14:12,945 INFO org.springframework.web.servlet.handler.AbstractHandlerMethodMapping$MappingRegistry [main] Mapped "{[/api/getServiceById/{id}]}" onto public org.springframework.http.ResponseEntity<bezbednost.etapa2.model.Servis> bezbednost.etapa2.controller.ServisController.getServisById(java.lang.Long,javax.servlet.http.HttpServletRequest)
2019-05-04 18:14:12,945 INFO org.springframework.web.servlet.handler.AbstractHandlerMethodMapping$MappingRegistry [main] Mapped "{[/api/deleteService/{id}],methods=[DELETE]}" onto public org.springframework.http.ResponseEntity<java.lang.String> bezbednost.etapa2.controller.ServisController.deleteServis(java.lang.Long,javax.servlet.http.HttpServletRequest)
2019-05-04 18:14:12,945 INFO org.springframework.web.servlet.handler.AbstractHandlerMethodMapping$MappingRegistry [main] Mapped "{[/api/getAllServices/{id}]}" onto public org.springframework.http.ResponseEntity<java.util.List<bezbednost.etapa2.model.Servis>> bezbednost.etapa2.controller.ServisController.getAllServicesRola(java.lang.Long,javax.servlet.http.HttpServletRequest)
2019-05-04 18:14:12,946 INFO org.springframework.web.servlet.handler.AbstractHandlerMethodMapping$MappingRegistry [main] Mapped "{[/api/smestaj/{id}],methods=[DELETE]}" onto public org.springframework.http.ResponseEntity<java.lang.Void> bezbednost.etapa2.controller.SmestajController.delete(java.lang.Long,javax.servlet.http.HttpServletRequest)
2019-05-04 18:14:12,946 INFO org.springframework.web.servlet.handler.AbstractHandlerMethodMapping$MappingRegistry [main] Mapped "{[/api/smestaj],methods=[POST],consumes=[application/json]}" onto public org.springframework.http.ResponseEntity<bezbednost.etapa2.dto.SmestajDTO> bezbednost.etapa2.controller.SmestajController.create(bezbednost.etapa2.dto.SmestajDTO,javax.servlet.http.HttpServletRequest)
2019-05-04 18:14:12,947 INFO org.springframework.web.servlet.handler.AbstractHandlerMethodMapping$MappingRegistry [main] Mapped "{[/api/smestaj/{id}],methods=[GET]}" onto public org.springframework.http.ResponseEntity<bezbednost.etapa2.dto.SmestajDTO> bezbednost.etapa2.controller.SmestajController.getSmestaj(java.lang.Long,javax.servlet.http.HttpServletRequest)
2019-05-04 18:14:12,947 INFO org.springframework.web.servlet.handler.AbstractHandlerMethodMapping$MappingRegistry [main] Mapped "{[/api/smestaj],methods=[GET],produces=[application/json]}" onto public org.springframework.http.ResponseEntity<java.util.List<bezbednost.etapa2.model.SmestajModel>> bezbednost.etapa2.controller.SmestajController.getAllSmestaji(javax.servlet.http.HttpServletRequest)
2019-05-04 18:14:12,948 INFO org.springframework.web.servlet.handler.AbstractHandlerMethodMapping$MappingRegistry [main] Mapped "{[/api/smestaj/synchronize/{id}],methods=[GET]}" onto public org.springframework.http.ResponseEntity<java.util.List<bezbednost.etapa2.dto.SmestajDTO>> bezbednost.etapa2.controller.SmestajController.getSynchronized(java.lang.Long,javax.servlet.http.HttpServletRequest)
2019-05-04 18:14:12,948 INFO org.springframework.web.servlet.handler.AbstractHandlerMethodMapping$MappingRegistry [main] Mapped "{[/api/getSmestajiByOwner]}" onto public org.springframework.http.ResponseEntity<java.util.List<bezbednost.etapa2.model.SmestajModel>> bezbednost.etapa2.controller.SmestajController.getSmestajiByOwner(javax.servlet.http.HttpServletRequest)
2019-05-04 18:14:12,949 INFO org.springframework.web.servlet.handler.AbstractHandlerMethodMapping$MappingRegistry [main] Mapped "{[/error]}" onto public org.springframework.http.ResponseEntity<java.util.Map<java.lang.String, java.lang.Object>> org.springframework.boot.autoconfigure.web.BasicErrorController.error(javax.servlet.http.HttpServletRequest)
2019-05-04 18:14:12,950 INFO org.springframework.web.servlet.handler.AbstractHandlerMethodMapping$MappingRegistry [main] Mapped "{[/error],produces=[text/html]}" onto public org.springframework.web.servlet.ModelAndView org.springframework.boot.autoconfigure.web.BasicErrorController.errorHtml(javax.servlet.http.HttpServletRequest,javax.servlet.http.HttpServletResponse)
2019-05-04 18:14:12,970 INFO org.springframework.web.servlet.handler.AbstractUrlHandlerMapping [main] Mapped URL path [/webjars/**] onto handler of type [class org.springframework.web.servlet.resource.ResourceHttpRequestHandler]
2019-05-04 18:14:12,970 INFO org.springframework.web.servlet.handler.AbstractUrlHandlerMapping [main] Mapped URL path [/**] onto handler of type [class org.springframework.web.servlet.resource.ResourceHttpRequestHandler]
2019-05-04 18:14:12,993 INFO org.springframework.web.servlet.handler.AbstractUrlHandlerMapping [main] Mapped URL path [/**/favicon.ico] onto handler of type [class org.springframework.web.servlet.resource.ResourceHttpRequestHandler]
2019-05-04 18:14:13,132 INFO org.springframework.security.web.DefaultSecurityFilterChain [main] Creating filter chain: OrRequestMatcher [requestMatchers=[Ant [pattern='/css/**'], Ant [pattern='/js/**'], Ant [pattern='/images/**'], Ant [pattern='/webjars/**'], Ant [pattern='/**/favicon.ico'], Ant [pattern='/error']]], []
2019-05-04 18:14:13,158 INFO org.springframework.security.web.DefaultSecurityFilterChain [main] Creating filter chain: org.springframework.boot.autoconfigure.security.SpringBootWebSecurityConfiguration$ApplicationNoWebSecurityConfigurerAdapter$1@3a2b2322, [org.springframework.security.web.context.request.async.WebAsyncManagerIntegrationFilter@5e1218b4, org.springframework.security.web.context.SecurityContextPersistenceFilter@7772054c, org.springframework.security.web.header.HeaderWriterFilter@1e54cb33, org.springframework.security.web.csrf.CsrfFilter@4cbf4f53, org.springframework.security.web.authentication.logout.LogoutFilter@655523dd, org.springframework.security.web.savedrequest.RequestCacheAwareFilter@46866946, org.springframework.security.web.servletapi.SecurityContextHolderAwareRequestFilter@7d37f1c, org.springframework.security.web.authentication.AnonymousAuthenticationFilter@12958360, org.springframework.security.web.session.SessionManagementFilter@6a0659ac, org.springframework.security.web.access.ExceptionTranslationFilter@1237e0be]
2019-05-04 18:14:13,231 INFO org.springframework.jmx.export.MBeanExporter [main] Registering beans for JMX exposure on startup
2019-05-04 18:14:13,256 INFO org.apache.juli.logging.DirectJDKLog [main] Initializing ProtocolHandler ["https-jsse-nio-8080"]
2019-05-04 18:14:13,265 INFO org.apache.juli.logging.DirectJDKLog [main] Starting ProtocolHandler ["https-jsse-nio-8080"]
2019-05-04 18:14:13,453 INFO org.apache.juli.logging.DirectJDKLog [main] Using a shared selector for servlet write/read
2019-05-04 18:14:13,466 INFO org.springframework.boot.context.embedded.tomcat.TomcatEmbeddedServletContainer [main] Tomcat started on port(s): 8080 (https)
2019-05-04 18:14:13,470 INFO org.springframework.boot.StartupInfoLogger [main] Started AdminZaBezbednostApp in 4.493 seconds (JVM running for 5.136)
2019-05-04 18:16:29,640 INFO org.springframework.boot.admin.SpringApplicationAdminMXBeanRegistrar$SpringApplicationAdmin [RMI TCP Connection(2)-127.0.0.1] Application shutdown requested.
2019-05-04 18:16:29,641 INFO org.springframework.context.support.AbstractApplicationContext [RMI TCP Connection(2)-127.0.0.1] Closing org.springframework.boot.context.embedded.AnnotationConfigEmbeddedWebApplicationContext@147ed70f: startup date [Sat May 04 18:14:09 CEST 2019]; root of context hierarchy
2019-05-04 18:16:29,643 INFO org.springframework.jmx.export.MBeanExporter [RMI TCP Connection(2)-127.0.0.1] Unregistering JMX-exposed beans on shutdown
2019-05-04 18:16:29,645 INFO org.springframework.orm.jpa.AbstractEntityManagerFactoryBean [RMI TCP Connection(2)-127.0.0.1] Closing JPA EntityManagerFactory for persistence unit 'default'
