2019-05-05 22:42:48,568 INFO o.s.b.StartupInfoLogger [main] Starting AdminZaBezbednostApp on DESKTOP-31SLHJK with PID 2044 (F:\bezbednostXmlWorkspace\admin-za-bezbednost-api\target\classes started by Korisnik in F:\bezbednostXmlWorkspace\admin-za-bezbednost-api)
2019-05-05 22:42:48,571 INFO o.s.b.SpringApplication [main] No active profile set, falling back to default profiles: default
2019-05-05 22:42:48,610 INFO o.s.c.s.AbstractApplicationContext [main] Refreshing org.springframework.boot.context.embedded.AnnotationConfigEmbeddedWebApplicationContext@752325ad: startup date [Sun May 05 22:42:48 CEST 2019]; root of context hierarchy
2019-05-05 22:42:48,691 INFO o.h.v.i.u.Version [background-preinit] HV000001: Hibernate Validator 5.3.6.Final
2019-05-05 22:42:49,621 INFO o.s.b.c.e.t.TomcatEmbeddedServletContainer [main] Tomcat initialized with port(s): 8080 (https)
2019-05-05 22:42:49,631 INFO o.a.j.l.DirectJDKLog [main] Starting service [Tomcat]
2019-05-05 22:42:49,631 INFO o.a.j.l.DirectJDKLog [main] Starting Servlet Engine: Apache Tomcat/8.5.23
2019-05-05 22:42:49,720 INFO o.a.j.l.DirectJDKLog [localhost-startStop-1] Initializing Spring embedded WebApplicationContext
2019-05-05 22:42:49,720 INFO o.s.b.c.e.EmbeddedWebApplicationContext [localhost-startStop-1] Root WebApplicationContext: initialization completed in 1112 ms
2019-05-05 22:42:50,869 INFO o.s.o.j.LocalContainerEntityManagerFactoryBean [localhost-startStop-1] Building JPA container EntityManagerFactory for persistence unit 'default'
2019-05-05 22:42:50,881 INFO o.h.j.i.u.LogHelper [localhost-startStop-1] HHH000204: Processing PersistenceUnitInfo [
	name: default
	...]
2019-05-05 22:42:50,936 INFO o.h.Version [localhost-startStop-1] HHH000412: Hibernate Core {5.0.12.Final}
2019-05-05 22:42:50,939 INFO o.h.c.Environment [localhost-startStop-1] HHH000206: hibernate.properties not found
2019-05-05 22:42:50,940 INFO o.h.c.Environment [localhost-startStop-1] HHH000021: Bytecode provider name : javassist
2019-05-05 22:42:50,957 INFO o.h.a.c.r.j.JavaReflectionManager [localhost-startStop-1] HCANN000001: Hibernate Commons Annotations {5.0.1.Final}
2019-05-05 22:42:51,208 INFO o.h.d.Dialect [localhost-startStop-1] HHH000400: Using dialect: org.hibernate.dialect.MySQL5Dialect
2019-05-05 22:42:51,556 INFO o.h.t.h.SchemaUpdate [localhost-startStop-1] HHH000228: Running hbm2ddl schema update
2019-05-05 22:42:51,783 INFO o.s.o.j.AbstractEntityManagerFactoryBean [localhost-startStop-1] Initialized JPA EntityManagerFactory for persistence unit 'default'
2019-05-05 22:42:52,068 INFO o.s.b.w.s.AbstractFilterRegistrationBean [localhost-startStop-1] Mapping filter: 'characterEncodingFilter' to: [/*]
2019-05-05 22:42:52,070 INFO o.s.b.w.s.AbstractFilterRegistrationBean [localhost-startStop-1] Mapping filter: 'hiddenHttpMethodFilter' to: [/*]
2019-05-05 22:42:52,071 INFO o.s.b.w.s.AbstractFilterRegistrationBean [localhost-startStop-1] Mapping filter: 'httpPutFormContentFilter' to: [/*]
2019-05-05 22:42:52,071 INFO o.s.b.w.s.AbstractFilterRegistrationBean [localhost-startStop-1] Mapping filter: 'requestContextFilter' to: [/*]
2019-05-05 22:42:52,072 INFO o.s.b.w.s.AbstractFilterRegistrationBean [localhost-startStop-1] Mapping filter: 'springSecurityFilterChain' to: [/*]
2019-05-05 22:42:52,072 INFO o.s.b.w.s.AbstractFilterRegistrationBean [localhost-startStop-1] Mapping filter: 'jwtTokenFilter' to: [/*]
2019-05-05 22:42:52,072 INFO o.s.b.w.s.ServletRegistrationBean [localhost-startStop-1] Mapping servlet: 'dispatcherServlet' to [/]
2019-05-05 22:42:52,321 INFO o.s.w.s.m.m.a.RequestMappingHandlerAdapter [main] Looking for @ControllerAdvice: org.springframework.boot.context.embedded.AnnotationConfigEmbeddedWebApplicationContext@752325ad: startup date [Sun May 05 22:42:48 CEST 2019]; root of context hierarchy
2019-05-05 22:42:52,369 INFO o.s.w.s.h.AbstractHandlerMethodMapping$MappingRegistry [main] Mapped "{[/api/getRezervation]}" onto public org.springframework.http.ResponseEntity<java.lang.String> bezbednost.etapa2.controller.KorisnikController.rezervacije(javax.servlet.http.HttpServletRequest)
2019-05-05 22:42:52,385 INFO o.s.w.s.h.AbstractHandlerMethodMapping$MappingRegistry [main] Mapped "{[/api/createKorisnik],methods=[POST],consumes=[application/json]}" onto public org.springframework.http.ResponseEntity<bezbednost.etapa2.model.Korisnik> bezbednost.etapa2.controller.KorisnikController.createKorisnik(bezbednost.etapa2.dto.KorisnikDTO,javax.servlet.http.HttpServletRequest)
2019-05-05 22:42:52,386 INFO o.s.w.s.h.AbstractHandlerMethodMapping$MappingRegistry [main] Mapped "{[/api/ukloniRolu/{email}/{id}]}" onto public org.springframework.http.ResponseEntity<bezbednost.etapa2.model.Korisnik> bezbednost.etapa2.controller.KorisnikController.ukloniRolu(java.lang.String,java.lang.Long,javax.servlet.http.HttpServletRequest)
2019-05-05 22:42:52,387 INFO o.s.w.s.h.AbstractHandlerMethodMapping$MappingRegistry [main] Mapped "{[/api/login],methods=[POST],consumes=[application/json]}" onto public org.springframework.http.ResponseEntity<java.lang.String> bezbednost.etapa2.controller.KorisnikController.login(bezbednost.etapa2.dto.KorisnikPrijavaDTO)
2019-05-05 22:42:52,388 INFO o.s.w.s.h.AbstractHandlerMethodMapping$MappingRegistry [main] Mapped "{[/api/getUserById/{email}]}" onto public org.springframework.http.ResponseEntity<bezbednost.etapa2.model.Korisnik> bezbednost.etapa2.controller.KorisnikController.getKorisnikById(java.lang.String,javax.servlet.http.HttpServletRequest)
2019-05-05 22:42:52,388 INFO o.s.w.s.h.AbstractHandlerMethodMapping$MappingRegistry [main] Mapped "{[/api/dodajRolu/{email}/{id}]}" onto public org.springframework.http.ResponseEntity<bezbednost.etapa2.model.Korisnik> bezbednost.etapa2.controller.KorisnikController.dodajRolu(java.lang.String,java.lang.Long,javax.servlet.http.HttpServletRequest)
2019-05-05 22:42:52,389 INFO o.s.w.s.h.AbstractHandlerMethodMapping$MappingRegistry [main] Mapped "{[/api/getAllUsers]}" onto public org.springframework.http.ResponseEntity<java.util.List<bezbednost.etapa2.model.Korisnik>> bezbednost.etapa2.controller.KorisnikController.getAllUsers(javax.servlet.http.HttpServletRequest)
2019-05-05 22:42:52,389 INFO o.s.w.s.h.AbstractHandlerMethodMapping$MappingRegistry [main] Mapped "{[/api/getRolesFromUser/{username}]}" onto public org.springframework.http.ResponseEntity<java.util.List<bezbednost.etapa2.model.Rola>> bezbednost.etapa2.controller.KorisnikController.getAllRolesFromUser(java.lang.String,javax.servlet.http.HttpServletRequest)
2019-05-05 22:42:52,390 INFO o.s.w.s.h.AbstractHandlerMethodMapping$MappingRegistry [main] Mapped "{[/api/ukloniServis/{rid}/{sid}]}" onto public org.springframework.http.ResponseEntity<bezbednost.etapa2.model.Rola> bezbednost.etapa2.controller.RolaController.ukloniServis(java.lang.Long,java.lang.Long,javax.servlet.http.HttpServletRequest)
2019-05-05 22:42:52,391 INFO o.s.w.s.h.AbstractHandlerMethodMapping$MappingRegistry [main] Mapped "{[/api/createRole],methods=[POST],consumes=[application/json]}" onto public org.springframework.http.ResponseEntity<bezbednost.etapa2.model.Rola> bezbednost.etapa2.controller.RolaController.createRola(bezbednost.etapa2.dto.RolaDTO,javax.servlet.http.HttpServletRequest)
2019-05-05 22:42:52,391 INFO o.s.w.s.h.AbstractHandlerMethodMapping$MappingRegistry [main] Mapped "{[/api/getAllRoles]}" onto public org.springframework.http.ResponseEntity<java.util.List<bezbednost.etapa2.model.Rola>> bezbednost.etapa2.controller.RolaController.getAllRoles(javax.servlet.http.HttpServletRequest)
2019-05-05 22:42:52,392 INFO o.s.w.s.h.AbstractHandlerMethodMapping$MappingRegistry [main] Mapped "{[/api/getServiseRole/{rid}]}" onto public org.springframework.http.ResponseEntity<java.util.List<bezbednost.etapa2.model.Servis>> bezbednost.etapa2.controller.RolaController.getServiseRole(java.lang.Long,javax.servlet.http.HttpServletRequest)
2019-05-05 22:42:52,392 INFO o.s.w.s.h.AbstractHandlerMethodMapping$MappingRegistry [main] Mapped "{[/api/deleteRole/{id}],methods=[DELETE]}" onto public org.springframework.http.ResponseEntity<java.lang.String> bezbednost.etapa2.controller.RolaController.deleteRola(java.lang.Long,javax.servlet.http.HttpServletRequest)
2019-05-05 22:42:52,393 INFO o.s.w.s.h.AbstractHandlerMethodMapping$MappingRegistry [main] Mapped "{[/api/dodajServis/{rid}/{sid}]}" onto public org.springframework.http.ResponseEntity<bezbednost.etapa2.model.Rola> bezbednost.etapa2.controller.RolaController.dodajServis(java.lang.Long,java.lang.Long,javax.servlet.http.HttpServletRequest)
2019-05-05 22:42:52,393 INFO o.s.w.s.h.AbstractHandlerMethodMapping$MappingRegistry [main] Mapped "{[/api/getRoleById/{id}]}" onto public org.springframework.http.ResponseEntity<bezbednost.etapa2.model.Rola> bezbednost.etapa2.controller.RolaController.getRolaById(java.lang.Long,javax.servlet.http.HttpServletRequest)
2019-05-05 22:42:52,395 INFO o.s.w.s.h.AbstractHandlerMethodMapping$MappingRegistry [main] Mapped "{[/api/getAllServices]}" onto public org.springframework.http.ResponseEntity<java.util.List<bezbednost.etapa2.model.Servis>> bezbednost.etapa2.controller.ServisController.getAllServices(javax.servlet.http.HttpServletRequest)
2019-05-05 22:42:52,396 INFO o.s.w.s.h.AbstractHandlerMethodMapping$MappingRegistry [main] Mapped "{[/api/getServiceById/{id}]}" onto public org.springframework.http.ResponseEntity<bezbednost.etapa2.model.Servis> bezbednost.etapa2.controller.ServisController.getServisById(java.lang.Long,javax.servlet.http.HttpServletRequest)
2019-05-05 22:42:52,397 INFO o.s.w.s.h.AbstractHandlerMethodMapping$MappingRegistry [main] Mapped "{[/api/deleteService/{id}],methods=[DELETE]}" onto public org.springframework.http.ResponseEntity<java.lang.String> bezbednost.etapa2.controller.ServisController.deleteServis(java.lang.Long,javax.servlet.http.HttpServletRequest)
2019-05-05 22:42:52,397 INFO o.s.w.s.h.AbstractHandlerMethodMapping$MappingRegistry [main] Mapped "{[/api/createService],methods=[POST]}" onto public org.springframework.http.ResponseEntity<bezbednost.etapa2.model.Servis> bezbednost.etapa2.controller.ServisController.createService(bezbednost.etapa2.dto.ServisDTO,javax.servlet.http.HttpServletRequest)
2019-05-05 22:42:52,398 INFO o.s.w.s.h.AbstractHandlerMethodMapping$MappingRegistry [main] Mapped "{[/api/getAllServices/{id}]}" onto public org.springframework.http.ResponseEntity<java.util.List<bezbednost.etapa2.model.Servis>> bezbednost.etapa2.controller.ServisController.getAllServicesRola(java.lang.Long,javax.servlet.http.HttpServletRequest)
2019-05-05 22:42:52,398 INFO o.s.w.s.h.AbstractHandlerMethodMapping$MappingRegistry [main] Mapped "{[/api/smestaj/{id}],methods=[DELETE]}" onto public org.springframework.http.ResponseEntity<java.lang.Void> bezbednost.etapa2.controller.SmestajController.delete(java.lang.Long,javax.servlet.http.HttpServletRequest)
2019-05-05 22:42:52,399 INFO o.s.w.s.h.AbstractHandlerMethodMapping$MappingRegistry [main] Mapped "{[/api/smestaj],methods=[POST],consumes=[application/json]}" onto public org.springframework.http.ResponseEntity<bezbednost.etapa2.dto.SmestajDTO> bezbednost.etapa2.controller.SmestajController.create(bezbednost.etapa2.dto.SmestajDTO,javax.servlet.http.HttpServletRequest)
2019-05-05 22:42:52,399 INFO o.s.w.s.h.AbstractHandlerMethodMapping$MappingRegistry [main] Mapped "{[/api/smestaj/synchronize/{id}],methods=[GET]}" onto public org.springframework.http.ResponseEntity<java.util.List<bezbednost.etapa2.dto.SmestajDTO>> bezbednost.etapa2.controller.SmestajController.getSynchronized(java.lang.Long,javax.servlet.http.HttpServletRequest)
2019-05-05 22:42:52,399 INFO o.s.w.s.h.AbstractHandlerMethodMapping$MappingRegistry [main] Mapped "{[/api/smestaj/{id}],methods=[GET]}" onto public org.springframework.http.ResponseEntity<bezbednost.etapa2.dto.SmestajDTO> bezbednost.etapa2.controller.SmestajController.getSmestaj(java.lang.Long,javax.servlet.http.HttpServletRequest)
2019-05-05 22:42:52,400 INFO o.s.w.s.h.AbstractHandlerMethodMapping$MappingRegistry [main] Mapped "{[/api/smestaj],methods=[GET],produces=[application/json]}" onto public org.springframework.http.ResponseEntity<java.util.List<bezbednost.etapa2.model.SmestajModel>> bezbednost.etapa2.controller.SmestajController.getAllSmestaji(javax.servlet.http.HttpServletRequest)
2019-05-05 22:42:52,400 INFO o.s.w.s.h.AbstractHandlerMethodMapping$MappingRegistry [main] Mapped "{[/api/getSmestajiByOwner]}" onto public org.springframework.http.ResponseEntity<java.util.List<bezbednost.etapa2.model.SmestajModel>> bezbednost.etapa2.controller.SmestajController.getSmestajiByOwner(javax.servlet.http.HttpServletRequest)
2019-05-05 22:42:52,402 INFO o.s.w.s.h.AbstractHandlerMethodMapping$MappingRegistry [main] Mapped "{[/error]}" onto public org.springframework.http.ResponseEntity<java.util.Map<java.lang.String, java.lang.Object>> org.springframework.boot.autoconfigure.web.BasicErrorController.error(javax.servlet.http.HttpServletRequest)
2019-05-05 22:42:52,402 INFO o.s.w.s.h.AbstractHandlerMethodMapping$MappingRegistry [main] Mapped "{[/error],produces=[text/html]}" onto public org.springframework.web.servlet.ModelAndView org.springframework.boot.autoconfigure.web.BasicErrorController.errorHtml(javax.servlet.http.HttpServletRequest,javax.servlet.http.HttpServletResponse)
2019-05-05 22:42:52,421 INFO o.s.w.s.h.AbstractUrlHandlerMapping [main] Mapped URL path [/webjars/**] onto handler of type [class org.springframework.web.servlet.resource.ResourceHttpRequestHandler]
2019-05-05 22:42:52,421 INFO o.s.w.s.h.AbstractUrlHandlerMapping [main] Mapped URL path [/**] onto handler of type [class org.springframework.web.servlet.resource.ResourceHttpRequestHandler]
2019-05-05 22:42:52,442 INFO o.s.w.s.h.AbstractUrlHandlerMapping [main] Mapped URL path [/**/favicon.ico] onto handler of type [class org.springframework.web.servlet.resource.ResourceHttpRequestHandler]
2019-05-05 22:42:52,574 INFO o.s.s.w.DefaultSecurityFilterChain [main] Creating filter chain: OrRequestMatcher [requestMatchers=[Ant [pattern='/css/**'], Ant [pattern='/js/**'], Ant [pattern='/images/**'], Ant [pattern='/webjars/**'], Ant [pattern='/**/favicon.ico'], Ant [pattern='/error']]], []
2019-05-05 22:42:52,613 INFO o.s.s.w.DefaultSecurityFilterChain [main] Creating filter chain: org.springframework.boot.autoconfigure.security.SpringBootWebSecurityConfiguration$ApplicationNoWebSecurityConfigurerAdapter$1@dab48d3, [org.springframework.security.web.context.request.async.WebAsyncManagerIntegrationFilter@58a2b4c, org.springframework.security.web.context.SecurityContextPersistenceFilter@5f9b6ae7, org.springframework.security.web.header.HeaderWriterFilter@6d5037a9, org.springframework.security.web.csrf.CsrfFilter@4a7a965d, org.springframework.security.web.authentication.logout.LogoutFilter@2babf189, org.springframework.security.web.savedrequest.RequestCacheAwareFilter@5432c277, org.springframework.security.web.servletapi.SecurityContextHolderAwareRequestFilter@504e1599, org.springframework.security.web.authentication.AnonymousAuthenticationFilter@7159a5cd, org.springframework.security.web.session.SessionManagementFilter@6ff415ad, org.springframework.security.web.access.ExceptionTranslationFilter@3c4262d1]
2019-05-05 22:42:52,698 INFO o.s.j.e.MBeanExporter [main] Registering beans for JMX exposure on startup
2019-05-05 22:42:52,715 INFO o.a.j.l.DirectJDKLog [main] Initializing ProtocolHandler ["https-jsse-nio-8080"]
2019-05-05 22:42:52,724 INFO o.a.j.l.DirectJDKLog [main] Starting ProtocolHandler ["https-jsse-nio-8080"]
2019-05-05 22:42:52,910 INFO o.a.j.l.DirectJDKLog [main] Using a shared selector for servlet write/read
2019-05-05 22:42:52,922 INFO o.s.b.c.e.t.TomcatEmbeddedServletContainer [main] Tomcat started on port(s): 8080 (https)
2019-05-05 22:42:52,926 INFO o.s.b.StartupInfoLogger [main] Started AdminZaBezbednostApp in 4.611 seconds (JVM running for 5.463)
2019-05-05 22:43:11,220 INFO o.a.j.l.DirectJDKLog [https-jsse-nio-8080-exec-4] Initializing Spring FrameworkServlet 'dispatcherServlet'
2019-05-05 22:43:11,220 INFO o.s.w.s.FrameworkServlet [https-jsse-nio-8080-exec-4] FrameworkServlet 'dispatcherServlet': initialization started
2019-05-05 22:43:11,250 INFO o.s.w.s.FrameworkServlet [https-jsse-nio-8080-exec-4] FrameworkServlet 'dispatcherServlet': initialization completed in 29 ms
2019-05-05 22:43:11,628 INFO o.h.h.i.QueryTranslatorFactoryInitiator [https-jsse-nio-8080-exec-5] HHH000397: Using ASTQueryTranslatorFactory
2019-05-05 22:43:14,869 INFO b.e.c.RolaController [https-jsse-nio-8080-exec-8] Metoda: getAllRoles (Dobijanje svih rola),  TimeStamp: 20190505_224314,  Source: admin@megatravel.comIP Address: 0:0:0:0:0:0:0:1, Success
2019-05-05 23:00:15,967 INFO o.s.b.a.SpringApplicationAdminMXBeanRegistrar$SpringApplicationAdmin [RMI TCP Connection(2)-127.0.0.1] Application shutdown requested.
2019-05-05 23:00:15,967 INFO o.s.c.s.AbstractApplicationContext [RMI TCP Connection(2)-127.0.0.1] Closing org.springframework.boot.context.embedded.AnnotationConfigEmbeddedWebApplicationContext@752325ad: startup date [Sun May 05 22:42:48 CEST 2019]; root of context hierarchy
2019-05-05 23:00:15,973 INFO o.s.j.e.MBeanExporter [RMI TCP Connection(2)-127.0.0.1] Unregistering JMX-exposed beans on shutdown
2019-05-05 23:00:15,975 INFO o.s.o.j.AbstractEntityManagerFactoryBean [RMI TCP Connection(2)-127.0.0.1] Closing JPA EntityManagerFactory for persistence unit 'default'
